.......X.....X..#..X#..X...X...XXX.XXX.XXX.X.X#.X.X.#.X.#.X..X..
X.X.X#X.X.X.X.X.X.X.X.X.X.X.X.X.X...X...X..................#...X
XX...X...X.......................#.X.X.X.X.X.#X.X.X.X.X.#.X..XX.
X.X.X.X.X.X.X#.X.#.X.X#.X.X#.X.X............#X.#X#.X#..X..#.X.X.
.............#.X..XXXX#.X#..XXXXX.#.X#.X.X#.X...X...X.XX#.......
X.X.X.X.#.X.X.X.X#.X.X.X.X.X.#.X.X.X.X#.X#.X.X.X.X.X.XXXX.X#.X.X
...X..#..X............................................##.X..XXXX
X.X#.X..#.X.X.X.X.X.X.X.X.X.X.X.X.X.X.X.X.X#.X.X.#.X.X.#.X.#.#.X
..#XX..X.....X...#...X..##X#X#...X...X..#...X...#...X...........
X..X.X..X.#.X.X.XXX.X.X##.X.X.X.XXX.X.X..X.XXX.X.X.X.X#.X.X.##.X
..XX.#.XXX.....XXX.............XXX#....#..X.#X.#.........#..#X..
.X.....XX.X.X.X.X.X.X.X.X.X.X.XXX#..X.XX#.....X.X#.X#.X.XXX...X.
#.#.X.X.....#......X...X...X..#XX.X..XXX..X.X.....X.X..X.#.X.#X.
.....X..X.X..X.X#.XXX.X.X#.#X..#....X.X.X.#..X.X#....X...#.X...#
X.X.X.#..X..X....X.XX.....X.X.X.#.X......X..X#..#.X.XX.X....##..
...X....X#X.#X.X.....X.X#....X..X.#.#.X.#.X...X..X....X..X.X..#X
X.X.#X.X......XX.X.X..X...#.X..XXX...X.....X.XX.X..#.X.X..X.X.X.
.X......X.X.X...XX..X..#X..##.X.X.X.XXX.X.X....X#X.#....X.......
...X.X.X.X..#.X...X..X...#.........##X...X.X.X#.X.XX.#.XX.X.#.X.
X.X...#...X..X..X..#..X.XX.X#.X.X.X.X.X.X...........X....XX..X#.
..XX.X#.##..X.X#X.X..XX...#....#.......X.X.X.X.X.X.X#X.X...#...X
.X...XX.X.X......XXX...X.X..X.XXX.X.X.X...X...X...X.....#.XX.X..
..X.X.......X.X.X.XX.X..X..#..#X#..X.#X.#X.X.#.X.X.X.X.XX...X..X
.X.X..X.X.X..X......XX.X.X.##..#..X..X...X......X...##...X.X.X..
....X.#..X..X.X.X.X...X..X..X#.#X##.X.X.X.XX.X.X.X.XX#.##X...#.#
.X#X.X..X.X....X#..X.#X.XXXX................X.......#.....X.XX..
X......X....X.X...#X.#...X.#.X.X.X.X#.X.X#.XX#.X.X.X.X.X.X....X.
.X.X.X..X.X..X..X...X.X.X..#X...XX#....X..#.X...X.....X..#X.X..X
...XX..X.#..X..X..X.......#.#X.X.X..X.X.X.X.X#.XXX.X.#.X..#..#..
X.#...#....#.X#.X..X#.X.X.....#...XX..........X.X#..X..#.XX.X..X
.X..X..X.#....#...X.X#X..X.X.X..X..XX.#.X.X.X.....X#.X.....X.X..
...#..#XX..X.X..X......X..X..#.X.#X..#...X...X.X.X...X#X.X....X.
.X..X.XX.X..X#XX..#.X#.#.X.X......#.X.X.#XX.XX..X.X.X.XX..X.X..X
X..X.X.....X.X.X#..X.X#.....X.X.#......XXX....X.........X..X##..
..X....X.X......X.X....X.X.#...X..X.X.X.X.X.X..X.X.X.#.X..X..X.X
X..X.X..X..#.X.#...#.XX...X.X.XXX..X.......X..XX..XX..X.X...#...
..X.X..X#X..X...X.X....X.#...#.X..X.#.X.X.X.X...X...X....X.X###.
X....#X....X.X#.X...#XXX...#....X....X...X#...X..X.X..X.X......X
..X.X..X.X.....X..X.....#.X..X#.X.X##.X.X...X..#..X.X..X.X.X.X#X
#..X..#XX..X.X..X#..X.X..XXX...X.......X#X.X..XX.X....X.....X#.X
..XX.X.X.X..XX#...X..X..#.X.XXX.X.X.X.X.X...X...X.X#X.#.X.#.....
.#.........#.XX.#.X.XXX..........X...X...X.X..X......#XX..X.X.X.
X..X.X.X.X.....X..X..#X.X.X.X.X.X#X.X.X.X.X.X.#.#.X.XXX.#.X..X..
..#XX...X..X.X..#..#...#...XX..X.X...........X...X...#....X.X.X.
X.#X.X.XXX..#X.XX#.X.##.X#...X....#.X.X.X.X.X#X.X.#.X.X.X.X....X
.#......X.#...X.XX.X......X.X.#.X..X...X...X.X#....X...X..X.X.X.
...X.X.X....X.....X#.X.X.X#...##..X.X.X.X.X#..X.X.XX##.##.X.#...
.X..X...X.X..X##.XX...X....X.X.#X....X.......#...X.X.#..#.X..X.X
X..XXX.XXX..X.XX...X.X.#.X..X.....X.XXXX.##.X.X.X#.....X..X.XX..
.X.#X.#.X.X.....X.X.....XX.#..X.X..X.X.X..X....X...X.##XX.X...X#
...X........#.X..X..#.X...#XX..X..X.....X.X.X.X.X.X.X#.X.XX.X...
.X..X.#.X.#..X..X.X#..#.X..#..XX#...#.X..XX#...............XX#.X
X..XXX...X..XXX.....X..X..X.X..X.#.X.X.XX.X.X#.X.X.X.##.X.X.XX..
XX.#XXX.X.X..#..X.X.X.X.X.#..XX...............X...X....X......X.
XX#XXX#X....X.X..XX.X....X.#...X.X.X.X.X.X.X.XXX.X.X.X##X.X.#..X
XX.XX#.XX.X....X...X..X.X...X.X.#...X...X...XXX.....X......XX.XX
X...X....X..X.X..X..X..X.X.X.....X.X.X.XX#.X.#.#.X.XXX.X.#...X.X
.X.X.X.#X.X..X#X..X..#.......#XX#X....X.#.......#X#.X#X..X.X....
............X.X..X.#.X.X.X.X......X.X...#X.X.X.#X#...XXX.X..X.X.
.X.X.X.X.#X....#....##..X...#.#.X..X..X...X..##.X.X.X.X.XX.XX#..
X...X...X...X.X.#.#..X.X.X.#X..X..X.X..X.XXX..............X.#.X.
#X.X.X.X#.X..X.....X.X...#...#.#X....X..X.XX.X.X.X.#.X.X.X..#.#.
XXX......X..XXX.X.XX.#.X..X.XX...X.X..X.....XX#...X...X..##.#.X.
XX#X.X.X..X.#XXX....X..#.X....X.X...X..X.#.XXXX#.X#X.XXX.......X
