XX#X.X.XX#..X.#...X..X.X..#XXXX..X......X.....#XXXX..X..#XX...................X...X....X.XXX.X#.XXX........X..X.X..X.X..X..##.X.#....X.#.X...X..XXXX.....#....#XX.XX#..X.X..#.....X...X.....XX#X.XXX.X.X.X.X...#...X.XXX.X.XX#..X.X.X......#..XXX..X.X....X..#XX
XX#..#..X.#.X...X..X....#..X##.X...X.X.X.XX.X.XX#X..X.X..X.XX.#X.X.#.X.X.X.#X..XX..X.XX...X...X..X.XX.X.#.X.X.....X...X..X.......#X.X..#..#.XXX..XX.XX.X..XX.X.X...XXX.....XX#X.X..X.X.X#.#X.X....X.........XX.#X.X...X.....X..X......#.X.X.X..X..X...X.XX.X..XX
XX.X...X..#..X.X.X..#X.X.#..X...XX..XXX....X...X..X....X...X.X..X..#X..XX..X.X.X.X.....X.X.X.X..#..#X#XX.....XX.X..#X..#..X.#X.X......##X.X..X..X....##.X.X..X..X.X.X.XX.XX.XXX#.X......X..X..XX.X.X.X.X#.X.X..X...X.X.X.X.#..X..X#.X#.XX.....XX#...XX...X..X..#
#...X.X.X.X.XXX...X.X......X.X#.X..X.#.X.#X.X.X.X..X##..#X.X.X.X..X...#...X.......#X.XX........#.X..X#X.XX.X.XXX.X.X.X..X.X...X.X.X.#X.X....#XX..X#.X.#....X.#.X......X...X..##X..XX.X.X#.X..X......#....#.#.X..X#........X#.#..X.X....#.XXXXX.X..XX.X.XX..X..X.
..X..........X.#X....XX.#.X...X..X...#...........X.X..X....#.X..XX..X..X.X.#X.X.X......XX.##.X.X..#..X..XXX...X........X...#.#...X..#..#.#X..X..X......X.X...X..#.X.XX.X.X..X.X.X.X...X#....X.#X.#.#.X.X.#.....#.X.X.X.X.X.X.X.X...X##.......X...X.X....X.X..#..
##.X.X.#X.X.X..X.X.X.#XX...#.X.#...X#..X.X.#.X.#.....X.X.X...#.X.X#X..XXX...X.##.X.#.#...X....X..X..X.#..X.#.X.X.X.X.X..X.#.X.X.#.X..X.X.X.X..#..XX#.X.#X.XX.X.#...X#......XX......X.X..X.XX..X...X.....#XX.##.#..X...X#.#.......XX.X.X.X.X.X.X#.....X.X....X..X
XX.XX#...X...X....X...X.XX......##..XX..X...X..#X#.#....X.X.#......#X..X.X.X.#....#...X.#..X.X.X.#X.....X.......X...X.X............#....X....X..X..#X.....X..X.#X.X..X.X.XX..XXXX#....X....X.XX#.X..X.XX.X..#....X.X.X..#..X.X#.X.X....X#..XX..X.X.XX.X..X.X.X..
X....X#.#.XX..XX.X.#.X..X.X.X.X....X.X.#.X.X.X.#..XX.X.X......X#.XX...X.......##.X..X..#XX..X....X.XX.X..X.X.X.X.X.X...XX.X.X.#X.X.X.X.X.X.X.X.X..X..X.#X..X.X.X...X..X...X.XX.....X.X..X.#...X....X.X....##..#.X......X.X..X..X....X#X..#.#..X...XXX..X..#....X
.X.X#.X.#.X.X.X.......X....X#X.X.#....X.......X.X.X.#...XX.X.X.X.#XX.X.X.X.X.X#..X#X..XXX..X.X.#.X.XX#.X.XXXX.....X.#X.X.X...X..X..#X..#..#..X...X.X..X..X...X..X.X..XX#.X....X.#.#...X..X..#..X.XX...X#.XX..XXX..X.X.X....X.X..X.X#.X..X.X.X..X.X.X..X..#.X.X#.
....X..X.......X#XX.X..X#.XXX...X..X.X.X#X.X.X..X.....X.X#X.....#.#XX..X#...XXXX..X.X..X.X...#X..X..X#.....X.X.X.X.......XX.X..X.X...X.X.XXX.X.X.X...X.X..XX.X.X...X..X....X.X##...X.X..X..X.X#...X.XX.X...X..XX#..XX##.X.#....X......X......X......X...#.......
.#.X..X.XX.X.X.X...X.X..X..X.X.X.X..X...X..##.X.XX.#.X...X.X.X.#X..X.X...#.X.#X..X....X...XX.X.X.X.X.#.X.#X.....#.X#.X.X#..X.X....#X...X..X..X..#.XX....X.X..#..#.X..XXX.XX.XXX.#.X...#...#....X.X...X.X.XX..X.X..X.#XX..X..X#X..X.X.X..X.X.X.X#.X.#..#X.X.X#.X.
.X...#..X#..X...X.#....X..X........X.X.X.XX......XXXX.X.X.....X...X....X.X...X.X..#.#..#X.X......X....X....X.#.X..XXX.....X...X.#...XX.X.X.X.X.X..X.X.X....#.X.##..X..#...#..#...X.X.X..X..X.XX....XX..#...X.....#...X..X..X..X.X.X..#.X.XXX...X..X..X.X.....#..
X..##.X...XX.X.X....##..X..X.X.X.X.......#.X.##.X..X.....#.X.X.#X..#.X..#..#X...#..X.X.....X.X.#.#.X.X.X.#.X.X..X..X.X.X.X.##..X.XX.X..X.....X...X...X.X.X.X.X..X.X..#.X.X..X..X.X...X.X.XX...X.X.X.#.X..XX..X.XX..XX.X...X..X.....X.X....X#X.X..X.X.....X.X#..#
.X......X.#.....X.X...X..X..X...X..X.X.X.X.#.X....X.XX.X..X......X..X..X.X...XX...X...#X.#..XXX..X..X...X...X.X...X.....X.....#..#...X..XX.X.X.X..X.X...X.....X....X.X.....X.XX..#.X.X.....X.#...#.....X...#..XX#.#.#...XX..X..X.XX.X..X.#.X....#....X.XX.X..X#X
..X.X.X..X#X.X.XXX..XX.X...X.X##.X..X...X...#.X.#X..#XX.X..#.#.#...X.#....X#.X.XX..XX...X..X#X.X.X.X.X.X.X.X...XX..X.X.X.#X.X..X.X#X...X..#..X..XX...X.X.X#X.X..X.X....X.##..X.X..X..X.#.#X..X.X..X.X.#..XX..X.##.X...X#.X.X..X.XXX..#..X...X.X#..X.X.##X..X..#X
X.X..X..X.XXX...#XX.X...#X.....X...X.#.#.XX.....X.#..X...X..XXX.XX....X.X.#....#.X.X.#.X.X..X....X..........XX.X.X.#X....XX#..#...X.#X...X.X.#.#..#X......X...X..XXX.X..#...#....X.X.X..X#.X....X#...#.X...X........XX.......X...X..X..X..#X.....X.X..X#..X..#.#
...##.X....X.X.X.XXX.#X.X..X.XX.X#....X..#.XXX#.....X.XX..X..X..X.X.X..X...X.X.X...........X.X.X..XX.X.X.#X.#........X.X..X.X..X.X.....#X..X.....X..X.#X.#.X.X..X.X#X..XXX.X.X.#.X...X.X.X...X.X.X#.X....XX..X#.X.XX.X.X.X.XX..XX.#...X..#XX.X.XX...X...#...X..X
X.#.#...#.X.......X..X...#..#X..#X.X.X.X.X.X..X.XX#...X.X...X.X....X..X.XX..X...XX.X.X.X.X....X..XXX.XX..X...#X.X.#X..X..X...X....X#.X.X.X..X.#XX..#X#........X....X.X..X..X..X...##.X....X#..#......X.#...X...X..X.....#..X..X.X...X#..X.#...XX#.XX..XX..XX..X.
.....XX..X.X#X.X.X.X..X#...#X.X.....#......#X..X....#....#X....X#.X.X...#..X.XX..X..X...X.XX.X.X..X.X...X.#.X..X#.X..X.X..XX..X.X.XX#......X..X..X..X.XX.X.X.X..X.XX...X.X.#.X.#.X.X.X.X.X...X.X.X.XX.#..XX..XX.X..#.X#.#.#XX.....XX...X...X.X.X...X.X.X.X.X.X..
#X.X.#..X.....X.....#.X.XX.....X.X.#.X.X.X...X..X.###X.#.#.#.#..X....XX..X...#..#..X.X.X..X......#...#.#......XXXX.X....X.#.X..X...X.X.X.X..X..#...X...X..X...X..X..X#.....#.......X.X..X..X......X....X...X..X..X#X...X.X.X..X.XX.X.XX..XX.....X.X............#
X#X...X..X.X.X.X.#X.....X.XX.X..X..X....X.X.X.X.XX.X..X....#X..#.#.X.X.X..XX.#X.XX....#.X..#.X.#.#.X#.X.X.#.#..#X...#.X.......X.X.X...XXX..X..#.##..X.X..X.X.X..X.X.#X.#.X..X.##.X.X.#.X.#X..X.X.X.X.X...X#..X..X.#..X#.....#..XX#....X.X.X.X.XX....X.XX#.X.X.#X
X#.XX..#....X...X..XX.X...XX#..X.X..XX.X....X........X.X.X.X.X....X.....X.X......X.X.#X..X..#..X.........X.X#.X..XX..#.XX.#.#......X.XXX.X..X...X..X...X#.....X.....#...X..X....X..X.......#..XX#...X..X#..X...#..##....X.X.X.X.#..X#X.......XX#.X.X.X...X..XX.X
XX.X.X.X.X.X.X.X.X..#X.#X..#XX.....#.X#.X##.X.#.X.X.X...X.....#.X..XX.X....XX.X.X.XXX..X..X.X.X..X.###.#X...X..X.#..#X..#..X.XX#.#....X....X.X.X.X..#.X.#X.#.X..X.XX.XX..X.X.#.X.X.X#.X.X.#..X.#X#.#.X..#.X..X.X.X#..X.X.XXX....X.#.X..##.X#X.##..X#..X#..XX....
X.......X..........#...X..XXX.XX.#....X.X.X..X...#XX.#.X.XX.X..X.X.XXX.X.X...X.....X.#..X....#.#..X.XXX..X.X.X...#X....#.XX..X.X.#.X.X.X.X.X.....X.X.....#.#..X..X...X..X.XXX.X.....X..XXX.X....X....X.X...X..X....X..X...#.X.##.....X.##...X.X#.X...X.X.X.X.X.X
.#.X.X.#.X.#X.##.X..X#..#..X....X..#.#......X..#..#......XXX.X......X...X..##.X.X.X...X..XX.X....X...X.X...X..XX.X.X#X...X.X.X..#.X.....X...#X.X.#.#X.#.XXX..X..X.XX..X....X..##.X.X..#.X....#.#..X#X...#.X..X.X.#X..X.X.X....#..X.XX..X#.XX.......XX.......X...
..X#X.....X.X...X.#.X.X.#.X.X.#X.X..X..X.#X..X..##..##.X..X...X#.X.X.X.#.X.X.....X.X.X.X.X...X#X..X.X...XX..X.X....X...#X....X.#...X.X.#.X.#X...X..X...XXX.X..#.....X...X.XX#.XXX...X...XX.X#.#..#.XXX.X...X......X.X.....X.#..X..XXX.#.X.X.X.X.X.X.X.X.X.X#.X.X
.X#X.X.X.#...X.X..................X.XXX..X.X...X..X.X.X..#.XX.X.X...........X.X.X.........XX.#..X....XX.X..X...X.#..XX...##X.#...X..X........#.X.X.##X..X....#..X.XX.XX..XXX...#.X.X..XX........X...#...X.X..X#.XX....X.##.X#.X..X.#.....X.....#..#....X..X.....
..X..#X...#.XXX.XXXXXX#XXXXXXXXX#......#X...XX...XX#...#.#.#.....XX.X.##X.X..X...XX.X.X.X.X...#..X.X.X...X.#.X.X#.X.#.X#..#...#.X..X.XX.X.X.X....X..X..X.X.X.#.#.X...X..X.X..X.X....X..X.X.X.#.X..X.##.X...#..#.X..X.X.#....X...X...X.X.X.#.X.X.X.X.X#X.X..X.#.X
.X.#.#.X.X...X..X.................X.X.X..XX.X.#X..X.#X.#.X..XX.X..XXX#...#..X.XX.XXX...X...XX..#..#...#X....X...X.....X..XXX.XXX.#...XX#XX....X.XXX..X....X....X..#X..X...##..X.XX.X..X.X...X.X..X.X.X...X.#.#.XXX..X..X.X.X..XX..XX...X...X.....X...X...X#...X#
.....X.....X#.#..XXXXX.X.X.X.X.X.X...X.#.#.......#..X..X..X.XXX..#..#..X#.X...X...XXX.#.X#.X.X...X#.X.#.X.X..X.X.XX.X..#..X...X...#X..X.X.X.#..X#X..#.XX.X.X.#...X..#...X.#..#..X...X...XX.#...X...X...XX.X.....X..X.X..X....#.X.X.X.XX.X.X.X.X.#.X.#.X.X.X#.X.X
.#.X..###X..X...##....X.#X..X..#X.X.X....XX.XX.#..#..#..X....X.X..X..#..X..XX..X.#.X#X..X.....XX...X..X.#X..X....XXX.X.X.X.X.#.X#....#.....#..X.#.X...#....X.X.XX.X.X#X..X..X.X..X.X..XX.....XX..X.X.XX.X..X.X.X.X.....X.X.#X.........X........X................
..X.X...X..X.XX.X#X.#.....XX.X.X.....X.#...X.X.#X..X..X..XX.X...X...X..#.X.X.#......X.X..XX.#.X..#X.#.....X.X.##..X............XXX.X..X.X.#XX...X..X.X.#.X..X...X....X..XX#....X....X..X.#.XX.X.#.X...#...X...X....#.XX....X..X.X.X.XX..X.X.X#X..X.#.XX.#.X.##.X
.X...X#..X...X...X...X.X.X#...X.#.#X..X..##...X#..X..X.X.X...XX...##..X......X.X.X.X...X.X..X..X....X.X.X....X.X.X.X.X.#X.#.##..XXX.#..X...X..#X.X......X..#.X.X..X.X.X..XX.X.X.#X.X..X.X...#......X.X..X#XX.X.#.XX.#XX.X.X.X..XX#..X..X.X...X..X.#X#..X.#X#..XX
X.XX.X.X..#X..X.X.X.XX#...X.#X..##X..#.X...X.XXX#..X......XX.X.XX.X.X..X##.#.#X...X.XX....#X.X..#.X.XX.#.X#.#.......X#X....X.X.X.#..X.X.X.X.X..X.XX.X.#..X.......X.X....X....X......X...##.#..#.X.X....X..X....X..#..X...X....#.XX#.##....#.X.X....XXX.#..X..X.X
..X.....X...X......##X.X.X..X.X..X.#.X..#.X...##XX..X#X.X.X....X.....X.X.X.X.X.X.X..#.XX.X....#..X.....#..X.X.X.#X.#X.#.#.X.......X...........X....#..#.X.XX.X.X#..XX.X..#X.X.XX.X.X..##X..X.X...XXX.#X..XXX.XX..X..X.X.X.X.X.X..X.X...X.XXXX...X.X.X....X..X...
#..XX.X..XX..XX.X#X........X...X......#...X#.#..X.X.X..X...X.X..X.##......X.......X...X...X.#...X.X.X.X..X...#X.#......#XX.X.X.X.X.XX.X.X.X.X...#.X.X.#.X.#.#.....X..X..X#.....#X...X.X..#....X#..X..X..X.X...X.X..X.........#..X...X.X.XX#..XX..X#..X#.#..X..X.
.X.XXX.#.#.X.X...X.#.X.X.##.X#..X.X.X.X.X..X.X.#......X.XX..X.X..#X.X#.X.X.X#.X.X..XX..XX..#.XX......X.#..X.X..XX##.#X..X...X...X...##...#XX..#..X...#..X....X.X.X..X.X...#.X.X#.X.X....XX.X.X.X.X.X..#...XX.X....#..X.X.X.X..X...XX.....XXX.X..X.#.X.X.X.X..#.X
....#..X.X....X.X...#...X.#.X.X..XXX...X..X......#X.X...X..X....#...X.X....XX.##.X.X.X.X..#X.X.XX.X.X...X....X..#.X.X..X.X.X.X.X.X.X..#.X.X.X.#.X.X.X.X.X.#.X...#..X....#X...XX....#X.#X....X...X....X..XX.....X#X..X.X#.#..XXX.XX.#.X.XX.X...X.............#...
.X.X.X....X.X....X.X.X.#........XXX.X.X.X..XX.#.X.X#.XX..X..X.X.X.X....X.X...XX.........X.X......X...XX..XX.X..X...X.X...............XXX.......#........X..X.X.XXX..X.X...#.#..#.X.X...X.X.X.X.X.X.#...X.X.X.XX..X.#...X..X.X....X....XXX..X#...X.X.X.X.X.X#..X.
#.....X.X..X.X.X.......X.#X.X.X..X........#XXX.X...X.X.#..#..#...X.X.X.#X..X#X.XX.X.X.X....X.#.##.XX.X.X.X....#.X.X...##X.XX.X.X.X.X..X.#.X.X.X.X.X.X.X..X......X..XX#..X.X...XXX...X.#.X.........#..XX...X...X.X..X.XX.X..X..X.X..X.X.X..X.X.X..X...##..XX.X..X
.XX.X..X..X...X.#X.X.X..X....X..X.X.X.X.X.XXX...X.X.....X.X.X.X.X...X....X..X...#X...X.X#X.#X.....X.......X.X.#...X.X.X..X..X.X...X..X...XXX..X..X...X..#.XX.X.X.X..X.#..#..XX.X.X.X..#..X.X.#.XXX..X.X.X..#.X....X...X..X..#X....X.X...X....X..X.X.X.#.X.....X.
.XXX..X.X..#.X..XX#XX..X.#X.#.X....X...X...X.XX....X.#.#.........X.X.X#X...X.#.#.XX.#..X.....X#.X..XX.X.X....##.X..X....X.#....#.X.X..#X..X.X.X.X.X.X.#.X.X.#......X..X.###..X......#.X.X...X.X....X.....X#....X##..#X..X.X.X.X.X#...X.X..X.X.X....X#....#X.X#..
..X.X....#....X..X.X.X....#.X..XX.X.###.X.X..#.X.X.#X...#X.X.X.X......X.#X...X.X...X.#..X.#X.X.X.X...#XX.##.##XX..X.X.X.X.X.#.#.X...X....#....X....#..X.X....#.X.X..X...X...X.XX.X.X....XX.X...#.X...#.XX..X.XX....X##.X...X.......XX....X.X....X.X.X.X.X....#.X
.#...X.X..XX#...X......X.X.X.X.X....X.#....X.X.#X..X.XX.X#X...X.XX.X.#..X.#X.....#X...X..X.........X..#.......X.X.X..#..X....#...XX..X.X.##.X.X.#.X.#...#.X#X...X..X.X#...XX....X...X.XX....X.X.X..#.#XXXX.X..#.X.X..X...X#.X.X.X.X.X.X.X...X.XX.X...XXX.XX.##..
..XX..#..#....X..X.X.X..#.......#.#X...X.#.......X...X...X..#X..XXX...X...X.XX.#X..##...X.#X.X.X.X..X..X.#X.X.....X.XXX.XX.#...X.X.X..#....X..#..#...X#.X..X.X.X.X#..X..X..X.X.X.X.X...##X.#.....X.#...XX..#.X...X..X..XX....X...X#....#..XX...X..#.X.X..X..#..X
#.X..XXX.XXX.#.X..X#X..#XX.#X.X.X...X.XXX.XX.X.X..XX..X.X.X.X.X..#.X.X.X#...#..X.X.X..#...XXX...X..#.X.#...X.XX.X.X..X....XX#.X......X.X#.X.X...#XX.X.X.X.X........X.X.X..X...#.....X.XXX...X.X.X...X.X..#.X..#.X.X...X.X.X.X.X.X.#.X#.##..X.XX..X.....X..X.X.X.
...X..X.....X....XXX.X..#X#XXX...#X....X..XX..X.X.#.X......#....X......X..X..#......####X..XXX.X.X....#X#.X..X#X..X.X.#.X..#.X.XX.#X...X.....X.X.X......X..X#X.X.XX...X.X...#X.X.X.X...X.#X....X..XX.XX#...X.X......#X.....X......X...X...#...X.X.X.X.X.X.......
.X...X.X.#.X.X.X..X...X.X#.#X.XX...XX.#.#...XX.......XX.X.X.X.#..X.X.X.X.X..X..X.X.#...X..X.XXX....X.#XX#X.#..X.X.X......#X....XX#X.X#..XX.X......X.X.XX.X..X...X..X.X....XX.X..X...X.#..X..X.X.#..X..X.##.X...X.X.XXX.#.XX.X.X.X#..XX..XX..XX.......X...X#.#.X.
X.XX......X...X..X.XX....X.X..X.XX.X..#...X.X.XX.X.X.X...#...X.X.#.#X...X.#.#X..X...X.X.X....X.#.X..X.XXX..X.X.....XX.X.X..X#X..X...XX#.XXX.#.X.X....X#....X.X.X.X....X.#..X...X.X.X....X.#..X....X..X...X.X.XX.X...X...XXX....X...X.X.X.X.X.X.X#.X.#.X.X...#..X
..#.X.X.X..#.X.X...#.XX.X...X...X...X..##..X..X.XX#...X.#.#.#.....X..X.X.....#.X.X.X......#.X...X..X...X.X....X.X.X..X...X..X..X.#X..X...X..X..X.X#.#..#.X........X.X..#X.#..XX....#X.#X....#.X.XX..X.X.X..X..X..X.X.X.X.X..X#X.X.X..............##.X.....XX.X#X
X....X#X.X......XX.X.#...XX..XX..XX..X..X.X.X.#..X.##.....X..X.X.#.X....X.#.XXX.....X.X.X..X.XX..X...#X...X.X..X....#.X#...X.#...#..#.X.X.X..X#...X..#..X.XX.X.X.X.X..X...X.X..#.X.X...XX.X......#.X..#...#X.#..X.X.......X..X......#XXXX.X#.X.#...#..#.XX.X...X
.X#.XXX...X.X.#.X....X.X.X.X.X.X.X.X...X........X..X.XX.X..X..X..X..X.X..##..X.X#.X.X.#X.#...X.#...#X..#X..X..X.X.#X..X.XX....XX.#X.........X..X.X.X.X.X..#XX...X...X..XX.....XXX..X.X..#X..X.X.XX...X..X.#....X...X.#.X#X..X.#.X.X......#XX..XX.X#.X..XXX...#X.
..X..X.X#.X#..X..X.X.X#.............XX..#XXX.#.X..#...#X.X...X.X..X..X..#...X..XXX...X...X.X....##...X.X..X.#.......#...#.##X.X..X.XX.X.X.X...X..........X.X.X.X.X.X.X.X..X.XX.X.X..X..X..X..X..X..XX.X..X.X.XX..X#.X...X..X.....#..X.X.X.X.X...XX....X.X..X..X.
.#..X...X...XX.X..X....#.#X.X.X.X.X.X.#.X..X.X...X.X.X....XX....X...X.X..#X..X..X.X.X.X#..#.#.X...X#....X...#X.X.#.X..#....X...X....X.#..#..#X.X.X.#.X.#.X.........X....X..#.......X.X...X..X.#X.X..X.#.X.....X.X.X..X.X.X...X###.X..XX......#X.X.#.XX...X..X.X.
..#..#.X..X.X....X.X.XX....X...#XX....X..#..X..#X.....X.X.X.X#X..XX.....X..X...X......X..X...X.#.X.XX.X..XX...#.#X..XX.X.X..XX..X#.X.#..X.X.....X..X..X.#.XX.X.X.X..X.#...X.#X.#.X.X...#.#X...X....X..X..X.#.X......#......XX...#..#...X.X.X...X.....#.X#..X.X..
.X.X....#..X.X.X.......X.X..X.X#X.X.X...#..X.X.X.X#.X..#.....X.#.#.X#.X..X..XX..X.X.X..X..X.X..X.X...X.X.#.X.X..X..X....#.X.X.X..X....#X...X##.XX#X..X..#.#XX...#X#.#X.##....#.##..X#X..XX..XX.X.X...X..X#.X.X.X.X.X..X.#.#.X.#X.X...#..X..#.XX.X.#.#...X.X...X.
....X.X...X..X#.XX.X.X.X..X##.X....X.XX...X......XXX..X.X.X.X....X.X.X.X..#.#.X..#XX.#..X....X...#.X#..........X.X...X.#........X..#.XX.XX.XXX..#X.X...#X..X.X.X.X.X....##.X.#.X.X..X..X..#..X..#..#X.X..X..X...X#.#.X.X#X.....#..X.#.###X..XXX..X#..X.X....X#..
X.X..X.XX..X..X.#XX...#X#.#X.X.#X.X..X.XX..X#.##..#.X....X...#.X........X.X.X...#.X...X..X##..XX.X...X.X.X.#.#X....X#.#.X.X.X.X..#.X.X..X...#..#.....X...X.....X....#X.X..#...X....X.X...X..#..X.X.X..X.X..#.X.X.X.#....X..X.X.X.X.X..X.##.XXX..##..X....X#X.X.X
XX..#..#.X...X...#.X.X.X.X.........X...X.X.X.XXX.#....X.X.XX..X.XX.X.#X......XX.X..#X..X.X##X.#..X.##X.XX..X...X.X....X.#X..##.#.X..X.X..#.XXX.X.X.X..X.#.XX.X..X.#.#....X.X.X.X.#.X...X#..X..X.....X.X..#........#..X.#.X..X#X.....X....X#.X.X..#X...#XX..X....
X.X.#X....X#..XX..........XX.X.X.X..XX........X...X.X..X..#..X...##XX..#.X.X.X...X...#....X...#X.X....X...#.#X..X..X.X....XX.X.X...X...X.X..X...#XX..X.X..###..XXX..XX.#........X..X.X...#..X...X#.X..X.X..X##.X.XX#..X....X.XXX.X.#.X#.X.X....X.X..X...X.#..#.#
......X.X.XXX.X.#.X.X.X.X.XXX...X.X.X.X#.X.X.#.#.X#X..X.X..X..X.X..X.X.X.#X...XX..XX..X#.X.X#....X.#.##X.#.....X.X..X.X.#.#..X..XX..XX.....X.#.X##.X.....X.X.X..X..X..X..X.X.X##X.X.#..X.X.#..XX.X#X.X...X....X..#X..#..X.X...X...X........#.#....X..X.X#.X.XX#X
#.X.X.#X...X.....#XX..#X...#XX.X.......X..X....X..X.X....X..X.....X.....X..XX.X.#.X.#.X....X.X.X..X.....#..X.X.....X.....XXX.X#.X.X.X.#X#X...#..X....X.X.#.....X.X...X.X..X#..X......X..X..X.X.X..X...X.X..X.X.XX...X#.X.X..XX.X.#.#.#.X.XX.X.##X...#.XXX....XXX
...#..X.X.#.X.#.XX#X##X.X.X.XXX.#.X.X.#..X.X.X...#...##X..#..XX.X..X.X.X.#.X...........X.X....X..X..#.X..#..X.X.#X.#X.X.X.#...X.........X.XX.X.X.X.X..#X#X#.##.....X#....X.X.X..X.X.X..#XX.......X.X.X...X..#...X.X.......X..X.......X..XX....##.XX....X..X.#.XX
X.XXX.....X.X.X..X.X.........X...#XX..X.X...X.XX..XX..#.X..X.XXX.X..X....X..X#X.X.X.##..X.XX.X.X..#..#..X#.X...#.....#.....X.#.#X.#X.X.X..X.......X..X.X.X.#...#.X..X#.X....#..#...X.X..X..X#.#.X.....X.X..X.#.X.X..X.X.XX..X..X.X.##.X.X.X.X#X#.#..X.X.X..#...X
...#.XX.X....#..X...#XX.X.X.X.X.X.X.X..X.X.X..#.X.#.X.X...#...X....X.X.X..#..X.X#XX#...X..X.....X..X..X.X.#.#.X..X.X..X.X.X.....X...X...X..X.#.X.X.#........X.X.X..X..X..X#X.X..#.X...X..#..X#.X#.X.XX...X........#..XX#.X.X..X.XX#.X..#......X..#X..X....X.X.X.
X.X#...#.XX.X.X..XX...#X...X..........X.....X..........X#..X.X.X.X....X.X...X...X.#..X..X..XX.X..X..X..#..#....XX...#X...X.XX.X.X.XX.XX..#..XXX......X.X.X.XX#...X...X.X..X...X##..XX...X..X.X.....XX##.X..X####.X..X.X......X...X....#..#X.XX.X....X.X.X#......
...X.#.#.X.....X.X.X.#..X.#.XX.XX.X.X..X#.X..#X.X.X.#X.#X#.....#X.#X.X...#X..X#.....#.X..X.XXX.X..X...X.#..XX.#X.X.X..X.#..X...#..X..X.X...XXX.X.X.X..#...#XX#X.X..X#....X.X.X.X..X..X#.#.X....X.XX.X....#..X...XX#....X#X.XX..XX.X.X.#X.X...X..X.X......#.X.##.
X.X...X...XX.#........X.....X.#..X#X.X.X.#.X..X#...#X...X..X.X........XX....#.X.X.X.X..X....X...X..XX....X.X..X.....X....#..X.#.#X.X....XX..X...XXX..X.X.X.X##....X..X.X........X..X.X..X...X.X.X...#.X.#..#.X.X.#..X.X.X...X.X.X..X..XXX.X.X..#.X..X#.X.X..X..X
X#.X.X.#X.X.X.X.X.X.X..X#.X....#..X..........X.#X.XX.XX..X..X.X#X.#.X.X.X.X....X...X.X..XX.#.#X..X.X.X.X....X..X##.#.X.#..#...X.X...X.X.X..X.X.XXX.X....X...X.X.X#..#XX..X.X.X.X..X...#.#.#X.X...##....X.X.........X.X...X.X......X.X..X......X...X...XXXX.X.#..
X#........X.X....#XX.X.X.X..X.X..X.X.X.#.#.X...XX.X..X..#..X..X..XXX.....X..#.XXX.X...X.X....#.X.....#X.X.X..X.X.X.#..X.X...X.X..XX..X...X......X....#.#.X.X..#....#XX.X..#...X.X..XX.....##..X.X..X.XX..X.X.X.X.XX...X.X....X.X.#....X.X.X.#X..XX..XX.#.......#
X.X.X.#.X.#.#.X.XXX.......X..X..X..XX..#X.X..X#..X.X..X.X.X.#.##..X.X.X.X.X..XX#XX.XX....X.X....X##X.....X.X.........X...X.X..#X.X..X.XX..XX.X.X.X.X..##....X.X.X.X.X....X#X.X....X..X.X.XXX.X..X.X...X.X...X...X...XX....X.X.XXX..X#X...#..X..X.X.X.X..X#.X.X..
...X...#.....#...X.XX.X.X...X.X..X...XX....X....X...#....X.......X...X......X.XXX..X.X#X..X.#.#.XXX.#.X.#...#XX.X.X.X.X.XXX.X.X...X...X.X.XXX.....#..XX#.X.X..X..X..XX.X..X#..#.X..X..#...X....#....X#...X.X.#.XX.#..X.X.X.X...XXX..X..X..#..X.........#.X..#X#.
.#.XX#.#.X.X..X.X..XX..#.XX....X...#.X.X.X...X.X.XX.X.X.X.X.X.#.X.X.X.X.X.X....#.X...X...X...X...X...X..X.X...#..X.......X....XX#..X#......X.X.X.X.X..X.X..##.X.X.#...X..X.X.XX#..#X.X.X.X.X.X..#.XX...X.X...X...X..X...#...X.X.X..#.#..XX..X..X.X.X.XX....X.X#.
X.....#.#...X..X.#...X#..X.X.#..XX..X...X.X#..#..X...X....XXXX........XXXX..X.X...X#..X#..X.X.X.X.X.X.#..X.X.X.X#.#.X.#.X.X.X...##..X.X.X.#...X......X...X.X..#...X.#X.#....XXX.X.#...........X.X..X.XX.X..XX.X.#..X..XX.X.X.....X.....X.X#...X.XX#..XX.X.X....X
..#.X....#.X.X#....X.#.X....X.X.X.X..X.X...#.X.X..X.X.X.X...X.#.X.X.X...X.X..X.XX.X.X.X.X...............#....#..X..X#X.....X..#X.X.#.XXX...X.X.X.X.X..#X.....#X.X.X.X....X.X.X.....X.X.X.#.X.X.X..X...#..X..X..X#X...X.X.....X.XX..X.XX...#.X#...#..X....X..X.X.
#..XX#.X.X....#X.X..X...XX.X.......X....X.#.....X......X..#X...X...X..#X....#..X.........X.#.X.X.X.X.#X..X##...X..XXX.X.X.#.X....X....X.X.X.....XX#.X...XX.X.X...X...X.X..X...XX.#..###..X..X...#...XX..X..#..X.X..X#....X.XX.XXX.X.XXX.#X...X.#X.#X..X.X.X..X..
.X..X..#X..X.X..X..X.XX.X...#X.X.X..XX#...X.X.X..##.X.X.X.X.X.#.X.X.X.X.X.X..X..X.X.X.#X.#X.X.X...X..X.#.X..X.X.X..X...X..#..X.#..X.#X.....X.X.##XX..XX.XX#...X.X.X.XXX..X.X.X.#X..#XXXX..#X.#.#..#X.#.#.X...X...X..X.X.X.X#...X.....#..X..X#..#...X.#......X.X.
...X.X#..X..X..#.X...X...XX.XX..X.X.X...#..X#X.X..#X.............X.......X..#.X.XX..#X.........X.X#.X..X...X......X.X.X.X..#..X..X....#X.X.##....#.X.X...X.X.#....X..X.X.......#..X.XXX..X.X.....X.X.X...X.XX..XX..X...X....X.X.X.X.X.X..X....XXX.#.X.X.X.XX....
.X....#X...X.X.#..X#..XX.X....XX.....X.X..XXX....#..XX#.X.X.X.X.X.XX.#X.X.X.......X.X.X.X.X.X.X....#.#..XX..X.X.X........X...X.X..X.X...X....#.X......X.X.....X.X.#.X....##.X.XXX.X..X.X....X.X.X......#.X..#.X.X.#..#X.#.XX.......X....#..X.X.X.........XXX.X.#
X..X##X.XX.....#X.X.#.X...X.#.X.X.X.#XX.X..X.X.X..X.X.X..#XX...X....X......X#X#.#..#...XXX...XXX.XX..#X.X.X..XXX.X.X.X.X..X#.....XXX.X.X.#.X..#.XX#X#....XX.#....X...X.#.#.X...#..X.##...#.X.#....X#.XX.X..X........X...X..X.X.X.XX.X.X.X.X.X...X.#.X.X.X.X...XX
.#...X..X.X###......X..XX....X..#X...X....X...X..X..X.X.X.X.X.X.X.#X.#.X.X.X..X..X..X.XXX.X.X.X..X.#.X......XXX...XX#XX.X.X..##X..X.......#..#X.X.....#X..X.#.#.X..X.#.X.X..X.#.X.X.X..X..#...X.XX..XX#..X...#XXXXXX.X#...X...X#.X.....##....X.#..X..X.##..X.#.X
.X.X#.#...X.XXX.X.#..X.X.X.X..X.X.X.X.X.X..X.X.X..X.#..X..............#X#....X.X..#X...#.......##.....X.X.X..X.X.X.XXX....X#..X..X.XX.##.X.X.#...XX.X.#..XXX..##.X..X.X....X.X....X..XX.X.X.X....X.X.X..#..X.......X....XX..XX..XXX.X.X.X.#.X..X.#.X.X.X..X..X..
....X.X.X....X.X...X......X.X..........X.#......#.....X.#.#X.#.X.X.X.X.X.X.X.....X..X.X.X.X.X.X..XX.X..#XX..X.......X.X.X...#X.X.X..X..X......#.XXXX..#X..X.X.X....X..#X.#....X.XX..X......X..X.X.....X..X..X.X.X.X..X.X.X.X.X.X.X...X....X.#.X..X..#..#.X..X..X
##.#...X..X.X...X.#.XX.X.#...X#X.X.#X.X...X.#.X..X.X.X...#..X.X.#.#.......X.XX.#..#......X...X.X.#X#..X.X.X..X.X.X#X..#X..X.X....X.X..X.X.X.#....#XX#X...X.....X.X..X.X#X..X.X...X#..XX.X.X.X..X..X.##..X..X.X...X.X..#...........#.X.X.XX.X....X..XXX.X...#..X.
X#..X.#.#..X..#..X..XXX...XX..X..#X....X.X..#X.X.##...X.X..X......#X.X.#.X...X..X.X.X.X.X.X.X.....#.X......X..X...X.X...X..X.X#X.X..#X..XX...#X.#XX#..XX..X.X.X.X..X...X.X..X..X#.X.X..X......X.X..X.X.X.X....#.X#...XXX.X.X.XXXXX.......X..X.#X..#.#..X.#.#.X..
XX.X......X.#.#.X.X..X.XX.X..#..X..XX#....#.#.....X.X.....X..#X.#.....X...X.#..X...XXX.......X.#X....X.#.#...X.X.#...X#...X...#..X.X..X..XX.#X...##.X.X.X..X.....X.X#.X....X.X....X...X.X.X.XX....X......X.X.X..X..X..#...X..#....X.X.X.X..X..#..#...#.X.XX....X
X...#.X.#......#....X..X...X.X.X.X.X...#.X.X..#.X..X.XX.#..XX..#.X.#.X.XX...X.X.X.XXX.XX.X.X.X.X.#.X..XXX.#X.....X.X..#.X..X.X.X.X..X...X.X#X.X.#.........X.X.X.X...X.XX.#.....X.X..#X.....#...X.X..X.X.X...#X#.X.X..X.X.X.X.X.#.#...XXXX.X..XXX.X.X...#..##.XX.
.XX..#.#X.###.##X.X..X..XX....X.....X#X....X#..X..#....#X.X.X.X...X.X..#.XX..X.....X..X...#...X...X..X.#..X.XX.X..X..XXX.X........#..XX....X.....XX.#.X.X......XXX.X...##..X.XX.XXX.#.#.X.X.X#..X..#.#XX.#.XXX.XXX.#........#...X.#.X.X.....X.X.....X.X..XXX..X.
.X.X...X.....X.XXX.#..X.X.##.X.X.X.XXX.X.#...#X.X.##.X.X........#X...X...#..X.X.X.X.X..X.XXX.X.X.X.X....X...XX#..X.X..X...X.XX.X.###.X..X.X.X.#.X..X...X.XX.X.X.X...X.XXX.X.XXX..X..X..X.......X.X.X..#.....X...X..X.X.X.X.X..X...X....X#.#X...X.X.X.XXX..X..X..
....#.X.XX.X.#..X..#X...........X...X..X.X.X.#........X.#.#.X.XX..X#..XX..X....X......X.#XX..........X.#.XX..#XX.....X.XX.##..X...#...#..X...X...#..#.X..XXX.....X.X...X.....X..X.X...#.X.X#.#X......XX#.X.X.#.X.X....X...X.#X..#X..#.X...X#.XX...X...X..X.X...X
X.X.....XXX....X.X.X.##X.#.X.X.#.#.X.X..X...#X.#.#.X.X.....X#.X.X.##X.X.X..XX.X.X.X.X....X.X.#.X.#.X..X..X..XX#.X.#X...#..X..X.X.XXX#...X.X.X.X.#..X.#.X..X.X.#.XX..X.X.X.X#X.X...X.XX.....#.X..X.X##.X.X.........##.#.#.X..X.X.X..XXX..XX....X.XX.X.X.X.....XX.
XX.XX.X..X.XX.X......X.XX...X....X.....X.X.X..X...X...#X.X...#.....X.....X.#.....X##..X.X...XXX...#..X.X..X..X...X..XX..X...X.....X...#...........#......X....X.#..X.......X....#.#...X.X.X.XXX..X#......X.X.X.X.XXX.X.X...#.....X..XX#..X.#.X...X.......X.##.X.
X..XXX..X..X...X.XX#.....X.X.X.X..XX##.......X.X.X.#X.X#X..X#X#X.#..XX.X....X#X.X.XXX..X.X.XXX##.XX#....X...X.X.X.X.X.#..#X..#.X.X.#X..X.X.X.#X.X..X.X.#..#.X..X.X..X#X.#.X.X.X#.X..X..#.....X..X.X.X.X.X...XXX.X.X.....X#X.X.X.X..X.X..X...X..X#..#.##.X.#XX...
.X..X.X..X..#X.X#....X.#..X...X.X.#..X.#X.#X....#..X...#.X..X#....X.###.X.X..X.....X..X.....#X.X..#XX.X..XX............X.X.X..X.....X.#...X...##..XX..X.#..X..X....#X..X.......X..X..XX.X.X.X.X......X...#.X.##....X.X.X.X...X....X...X...XX.X....X##..X#..X..X.
...X...X..X.#...X.X.X...##.X.X.....X..X.X##..X.XXX..X.#....#..XX.X..#....X..X.X.X.X.X..X.X.#X...#X.XXX.X.X.X.X.X.X.X.X.......X.X.X.XXX.XXX.X.X..X...XX...X..#..X.X.#..#..X.X.X.#.X..X......X....X.X.X.X.X....#..#.X#..X...X.X.X.XX..#X..XX.#...#.X.XXX....X.#..X
.X..XX..X....X.X...X.XX.X.....XX.X..#......X..XXX.X....X.X..#...X.X..XX.X.X......X...X..X..X.X.X....#......XXX#..#.#X.#X.#X#......#X#......#X..X..X.X.X.X.X.X.X...X.X..#..XX#X#....X.XX##.#.X.XX.XXX...#..X#...X.XXX.X.X.X.......X.X.#.X.X.X.XX.X...X..X.#....#.
X.X.X.X..XX.X...#.X..#...XX.X.X.#..X..X####..X.#...#.X..X.#...#X...X.X.....XX.X.X.##...X.X......#X.XXX.X.X...X..X..#...#X....X.X.XXX.X.X.X.X.X..X..X...........X.#....X..X.X.#..X.X....X.......X..XXX.X.X...#.X...X........##.X.X.............#..X.X.X..#..X.X..
.......X.X...X.XXX.X..XX.XXX.....#..#....##X...##X..X..X..#.X.X.XX....XX.X.XXX.....X.X....X.X.X.....X...X..X.X.#.X..X.X..X.X..X...#.....#X#....#..X.X.X.X.X.X.X....X.#.X......X..##.X.#..X.X.XX..X.X..X...#X.XX#.#.#.#.X.XX.X..#X.X.X.XX.X.X.X#.X......X..#.#..X
X.#.#X....#X....#...X.#...X.#.##.X.#..X.X....X#....X.X..X....X..#.X.X.#X#...X.XX.X.X#.#.X.XX.#.X.X.X.X#X.X..#X#....X....X.X..#.X.XX#.X.X.X..#X..X...###X...X...X.XX.#....X.X.X..X.X..X.X..X..#..X...X.X.#X.X..X.......X..X...X.#...XX#..#...X.....X.#.#.X....#..
...X..X.X.#.#X.X..X....X.X......X...#..#.X.X..#X.X....X..X#.X.#.X..X...X.X.X....X...X..X.....X..#.....X....XXXXX.#X.X.X....X.X....X...X..#.X...X.XX.X..XX#X.X.X...X.XX.X..XX#XX.....X....X.#X.X...#X..X.X#...X.X.X.X#X.X..X.X.X.X.X.#.X..X.#XX.X.X.#..X...##.X.#
.##.X..X..X.X...#X.X.#....XX.X.X.XX...X...X..X..X.X.X..X.X........X.XX......X.#X.X.X.X..X.X.X..XXX.#.X.X.X..#X#X#...#X..#.X##.XX.#.X.X.X..X.X#.X.X....X..X.....#.#....X..X.#.#..X.##..##...#....X.#X.##....#X.....X.....#X..........X..X..X.X...X...##..XX..X..X
#.....#.X....X.X....XXX.X.XXX....X.X.X.#.X.#...X...X.X....X.X.X.X...X.#.X.#...........X....X.X..X...X...X..X#X.X..X.X.#.##XX..#..X......X....X.X..X##...X.X#X.X..X.X.X.X......#..X..X..X.XX.X.X..##...X.X.X.X.X.XX.X.X.##.X.X.X.X.XX..#..X...X.#.X.X..X..X.X.X..
XXX.X....X.#....X#.X#XX#...X.X.X...........X.X..#.#...X.X.XX...X.XX....XX.XX.X.X#.X.X..XX.X....X.X.X.X.X.#..X..X.X......X.X.X..X..X.X.X..X#.X...X.#.X.#X..X...#.X...#....#.X.XX.#.X...X...#..X..X.X.X....X.....XXX..#...#....XXX.X.X.X..X..XX..X....X...X......X
#..X.X.X..#XX.X..X..#XXXX.X...X.XX.X.X.X.X..X.X...X.X.#X...##.#..X.X.X...X..X.X.X..X.#.X...X##...........X.X.X..X.XXX.X.......X.#..XX#.X.X...X.X........#..XX.X...X..#.X..XXX......X.X.X.X..#.X.X..#..X.X.X.X.X.X..XXX.X.X#.X.X....X...X..X.X.#..#.X..XX..X.#.X.
..X...X..X.XXX..X..X.XXX...X.X..XXXXX...#..X...XX..X..X.#.#X#..X....#..#X..#....X.X.....XX.X..XXX.X.X.##.......X..#..X.XX.X.X...X.XXX.....XX...X.##.X.#..X.X..X.XX.#..X.X..X..X.X#X.X.....X.....X.X.X..X.....X...X..X..........#.XX..XX..X......#X#X.X.X.X.X.X..
.X.X.X.X....X.X..X....X.XX....#..X.X#X.XXX..#X.X..X.#......X.#X.#X.X.X.#X#..X.#..X.X#X#.X...X.X..X#X..XX#.#X.#..X...#..XX..X.XX....X.XX.X.X.X#..X..XXX.X....X.X..X.X.X....X.##....X.XX.X.#..X.#XX.....X.X.X.X.X.X..X.X.X.XX#.X....##..X.X..X##.#.#X...........X.
........#X.X...X..XX.X..X.X#X.X.X...X...X.X.#...X...XX.X.X..............X.X..X..#..#..X..XX....X.X..XX.X.X....#..X.X.#...XX..#.#X.X..XXX....#..X.X..X...X.X...X.X...X.X.X.....X.XX....X..X.X.X....X.X#.....X#.....X.....X...X..X.#.#.X....X.X......#.X.X.X.X.X..
#.X.#.#.X...#X..X.X...X...#X.....#.X#X.X....X.X..XX..X.#X.#X.#XX.X.X.#.X....X..X.X.X.X.X.X.XX.X....#XX.....X.#X#.......X.X.#.......X..X.X.X..X.#...X.##..X.XX.X...XX...X..X.#X...X.X.X.X......X.X..X...X.##...#X#X..X.XX.X#..X#.XX.....X.X...X.X.X.X..X...X.X..X
...X..X..XX.X.X....XX..XX...X.#.#.....X.X.X..#.X.X..XXX...XXX..X..#..X.X#.X#.X.............X...X.#..X.#X.X..#.X..X.#.#..X..XX.#X.#...X...X..X..X#X......#..X..X.X#..X.X.X..XXX.XX...X....X.X.X.X..X.X#..X.X.X....X.X.XXX..X.X.#...X.#.#.X..XX.XXXX#..X.#.X#..#..
X.XX##.X.X.....X.#.#.X.X.XX.#.X..X.X.X...#..X.....X..X.##..#..XXX#..X...#..X..X.#X.#.X.X.#..#.#XX.X...XX.##.#.#X..X.#X.X.X...X...#.X..X.X.X..X..X.X.X.X..X..X.X..XX.......X.X...X.X..X.X..XXX...X......X.....X##.X....X..X....X.#....X...X..X..#.X.X...X....X..X
...X.#....XX.X.##..X.....X...X.X....X.X.XXX..X.#X...X...X.X.#..X.X.#.X.X..#.X..XX.X...#XXX#....X..X.XX..X...X.XX#X..X......X.#.X..X.X......X...X..#..X.X..#...#.#..X.X.#X....X.X...#..X..X.X##.X..X.#.X..X.##...X..X.X.X...#XX.X..X.X..XX..#..X......X#.X#.X.X..
X.X...X.#.XXX....X..#X.X..##.....#.X.....X.X.#X..XX..XX.....X.X...#......X....X....X.X.X.X.#.X..#.X..X.XX#.X...X..X..#.X.X..#.XX.X...X##.X..XX..#.X.X...X..XX.X...X.X..X..X.X....##.#X.#........X..X#.X.X.X.X.XX.X..X#...X...X..X#....X.X.X..#.X.X.#..#...X....X
XX.#.XXX...X.XX.X.X..##.X.#.XX.X..#.X.X.X....X.X.X.#.X.XX.#.....#X.X#X.X..X.X..#.#..X.......X.X.X.#.#...X.X.X.X.#..X..XXX..X....X.XX.X..X.X.X..#...X.XX..#.#..X.XX...XX.X..X..#.XX..#....X.X.##X..X..X.........X...#.#.XX.X##X.X..X.#X......#...XXX..#..XX.#.#..
X.....X.X.X..#......X.#...X.XXX.#....X...#.X.............#.XX.X.X.....X.X..X..X.X..X.X.X.#.X..........##........#X..X..X.X.X.X.X..X...X......X...##..X.X.X..X.X..X.X.X....X.X..XX..#.X##..X.....X...X.X.X.X.X.X..XX.....X...X....X..#..X.X#..X.X.X..X.#..X.X.X.X
.X.X.X.....X.XX.X.#....XX....X...##.X.X#..X.XX.#X.X.#X.X.#.X...X.X.X#X....X.X.....X.....X.X.#X.X.X.X.X#.X.X.X.X...X...X....#..X.#..X#..X.X.X..#X.X.#.......X..X.X...X.###.....X..#.....X.X.X#.XX..X#.....X..##..X.X.#.XX..XX.X.XX..X.X..X...X.....X...X.X...X...
..#...X.#X....XX.X.X.X.X.XX.X.X.X.X...XXX.....##.X..X...X...X.X.....X.X.#.....X.#X.X.X.X......XX#...X#X.X#...#.XX..XX..X.X...X...X.XXX..XXX.X.......XX.X.X..X.#...#X..XX#.X.XX.X..X.X.X.....X.X.X....X.XX.X.X.X......##..X.X....#.X....X.X.X.X.X.X..XX....XX.X.X
.#..X..#X.XX.#...#..#....X.........X#..X.##.XX.....X.#.X.XX....X.#.#...X.XX.#..X...X#...XX.X.XX#.X.#.#....X.XX.#.X.X.X.#X.X.X.X.X...X..XXX...X#X.X.#....X.#...#.X#..#..X...#XX.#.#...X..#.XX.X....X.X.XXX..X....#XXX#..X.....#X#....X.X...##....X..X.X.X##.X....
..XX..X...X...X.XXX.#X.X..XX.X.X.X.#..X......#X.#.X......X.X#X.#X...X.#..##X..X.#X..#.X.XXX...X....X..X.###.X....................X.X.#..X.XX....X..X.X.X..X.X.X..X.X..X.#.#.X..X..X.X.X..##X..#.#..X...X..X.X.X.......X..X.X...X.#.#.X..X.#.X#.X.X...........#.X
.#X.X..XX..XX....#....X.#..X.#..X...X..XX.X.X.#..X.X.##X...X...X.X.X...X..X.#......#.X...X.X.X.X#X...X...X.X.X.#.#.X.X.XX.##.X.#.....X.#..X..X.X.X..#XX.X..#..X.##..#........X.X.X......#....X.X#.X.X.X.X......#.X#.#X.X..X..XX...X...X..X.........#.X.X#.#.X.X.
.....X.X.X.X..X.X.X.##..X.X.X#.X.X.X.#.XXX....X.X...XXX.XX..XX......X.X..X...X.X.#.#..#.X......X...#X.X.#....XX...X...#..X..XXX.XX.X....#..X..X....X.X....X.X.X..X.XX#.#X.X.#..#..X.X.X.#.#X.#............X.X#.X...XX#.X.X.X...X.X.X.X..X..X.X.XX.X...XXX.#.....
X.#X........#..X......X.......X.........X.X.X..X.#.XXX..X.#.X.X.X.X....X..#X..X##...X....X.#.X..X#.......X.X..XX.XXX.X..X.X..X..XXX.X.X..X...X.X.X.#..X#X......X....X.X....##.X.#....XXX.X.....#.XX#.X.X.X.X..X.#.XXX..X....X.#........X..X.##.X.#XX.#.X.#..X.X.
#.X.X.X.##X.X.X.X.X.##.X#.X.#X.X.X.X.X.X...X..X..X..X.X........X#X.X.#..X.X..#X..XX..X.X..X.X.X.X.X.X.##..#..X.XX.XXX..X....X.X..X...X.X..XX...#X...X..X.#X.X.X..X.X...#X.X.....X.X.X.X...X.X.X..X..X...X...X...#.#X..X..X.X.X.X.X.#.XX..X....X...#..#...###...X
.X..#.#X...........X....X..X...#X..#X...X.X.X..X...X...XX.#.X.#X....#XX....#...X.X.X..X..X.........X..X..X.X.......X.X..X.#.....X.X.#...#.X.#X.X.XX.#.X....X..#X..#.X.X.....X.X..X.....X.#.#...X..#..##..X.X.#X.#.X.X..X..X.......X..X..X..X.#.##.X#X.##....#.X#
..X.#X..X.X.X.X.X.X.XX.X..#.XX..X.#..XX......X..XX..XX.XX..X..X.XX.XXX.X.#..XX.......X.X..X.X.X.#.XX#X.X.....X.X.XX...X..#.XX.X......XX..........#..X..XX.X.X.X..XX....X#.X#.#..X.#.#.X.....X.X.X.X.XX#.X....X...X....X..X.X.#####.XX.X...X.X#.X...#...XX.X.X...
X.....X.XXXX...X....X...X...X.X..X.#.X.X.#.X..X.X.X.X....X#.#...X...#...X.X.X.X#.X.X....X..X...#X..##...XX.#..X..X.X#...#X.XXX.#.X.X.X.#.X.X.X.X..X..#.X......#X...XX.XX#.....XX..X.#.X.#.X.X....X...X#X.X.#X.#X..X.X..X.........X..X...XX...X..X.X##.X.X#...X.X
.XX.#.....XXX.#.#.X..XX..XX.....X......#X.#.X........X.X.X..X.X..X.X.X.X......XX.#X.X.X...X.X.X...X.X.#.XXX..X.X#..#..X.#...X...XXX.....X##...X.X...X...#.X.#.X..X.#...X..X#.X..X....X...#X#..X.X.X.X.X....X#.X..X.X..#..X.X.X.XX..X.X#..X.#X..#...#.....X#.X.XX
...#.#X.#X.XX#..#X.X.X.X.X.XX.X..X##.X....X..X#X.X.X....X.X..X.#........##X.X...X....#.XX....X.XX...#X...X.X.....X..#X...X.X.#.XXX.X.#.#X#..##...X#.#.X..XX#...X..X.X.X.X...X#.#.XX.X.X.XXX.X..##......X.X.....X....X..#..X..X.XX.#...X.X...X.X..XX.X.X.X......X
.##......X..#XX.X............#.X.X..X..X.X.X.X.#..#.X#.X....X..X.#.#X.X.X..#..X#.XX.X..#..X.X..#.XX.X.#.X....#.XX..##.X.X.......X...XX.#X.X.X.XX.X...X.X..#XX.X..X..#.X...X#...X.X.......X....#.X.##.XX.X..X.XX..X.X.X.X.X.XX.X...X.XX....XX...X..X....#X.X.#.X.
.X.XX.X.X..#.X...X.#.X.X.X.X.X.....#.#..X......X.X...X..X.#..X..X.X..#....#XX..X.X...X..X..X.#.#.X.......X#X.X.X.#..X....X#X.X.#.X.#X......X..X...X#.X...#XX...X..#....XX..X.XX...X.X.X.X.X.X.....X.XX#..#..XX#.X.X.........#..XX....X.X#X.X.XX..#..X.XX...X##..
...XXX....X...#X.XX..#..X...X.X.#X.X.#.X.X.X.#..X.#.X.X.##XX...X....X.X#X..X..X...XX..#...X.......#XX.#X..X...X...X..X#X..#XX..X...X.XX.X.X.X..XX.#X.X.X.X#.X.X..#.X.#.X..#...X.#....X..X..#..X.X#...X..X..X.#.....X.X.X.#.X..X...###...X.....X.X..X.X..X.X.#.#.
.X..X.X.#X.X#.X...#XX..X.X.X...X.........XXXX..#..X.......X.XX..X.X....X..X.X..X#.X.X..XX..X#.#.X...#.X..X.X.X.X.X.#..X..X.X.X..#X...XXX.....X.X......X...#....X...X..X.#.X.XX.#..X.X.X#..X.X..X...XX..#.X.....X.XX...##..XXX..##.X...XX.X.#.X....X...X.....X...
#..X....X...X..X.X..X#X.....X.X.X.X.X.##...#.X..X..X.X.X.X..X.X..X.XX.X.X....X.X.....X.X.X.X.X.X.X.X.#.X.............X.X......#...XX..X.XX.X....XX.X.X.X.X..X.X.XX.X.##......X..X#......X.X...X.#.X.X.X....##.X.XXX.X.#..X#X..X.....XX.X...XX..X.X..XX.X#.XX..X.
##..X.X..#.X.X....X..X.XX.X......#X#XX.X.X.#...#.X.#..X...X.....X..X.....X.X....XX.#....................##X.X.#X.X.#....X.X.X..XX.X..X..XX#.X.X.XXX..X...X#X..X.X..X.#.XX.#.#..X..X.X.X#..X.XX.........X.X#.#X...X...X.X##..X...##.X.X...XX.X#..X..X.#.....X.X.X
..X..X.X......XX.X..X..XXX.XX.#.X.XXX.....X.X#.X....##.XX..XX.X..#..#X.X.#X.#.X.X.X.XX.X.#X.X.XXXX.X.X#....X#X..X...X.X.X.#X.X.X...#..X..X..#X...X.X.X.X..X.#.X..X.X...#...X..X..X...XX#.X...X.X.X#.#.X.....XXX.X.X.X.....X..##.XXX....XX.X..X.X.X...#.X.##.....
.#..#...X#.#X.#....#.#..#...#.X....#.#.X.X...X..X#.X...X.X.#XX.X..X...X..X...#..X....X..#.X..#....XXX...X.XXX..X.X.XXX...X......XX..#...X.#.X.X.#.....X..X.....X...X.##.X.X..X..X.#.X.X...X.#...X..X.X..X.XX.X........X#.X.X.....XXX.X#.X...X......X#...XXX.X##.
..X.#.X.X.#X...X.#.X.X.X.X.X.X.XX.X...X...X.X.X.#...XX......X....X.X.X.X..#.#.X.#X.#.#.X...X..X.#..X.X.X...X.X...XXXX.X.X.X.X.X.X.#..XX..........X.X.X.X..X#X.#.#X.X........#..X..X.....X#..X.XX.X....X..#X...#.X.#.#X.X.X..X.X.X.X...X...XX..X.X.X.X.X#.#....#.
#....X......XX....X............X...X.#.#X.......X.X.#.XX.X.X.X.X........#.......XXX..#X..X..X..X..X...X.X.X....X#..X.......X.#.....#.X.X.X.X.#.X..X..X..X.#X..X.....X.X.#.X#..XXX...X.XX..X....X...X.X..##.X.X...X.XXX..X..X.X.....X.X..XX.#.X.XXX........X.X#..
.#.X..X.#.X.X.X.X..XX.#X.X.X.X..#X...X.X.X.X.#X..#..X.X.#.....X.X.X.X.X.X.#.##X..X..X..#..X..XX..X.X.#.....X.#....X.X.X.X.X....X.X.X....XXX...X..X.#..#.....X.#X.X.XXX...X#.#..X.XX..XXX.X..#.X..XX.X..X.X....X.#...X..#.X....#.X.X....X.X.X....XXX.X.X.X#....X.
..X.X.XX.#....#X.X...X....#XX.X.X.XX......#..X..X.X...#..X.#.#..###..X...X..#...X.X..X.X.#.X.X.X.X.....X.X.X.X.#.X...XXX..X.##.#X...XX.XXXXX.X.X...X.#.X#.X...XXX...X.X.X.X.X.X..#..X.X...X.X.X.X.X..X....##.X..X.XX.X.#...X.X...X..#.X......X#X.X...X..XX.#.#.#
X........#X.X.X....XX..X.XXX......X.XX.X.X.##.X....XX..X..#X..X..#..#.X.X.##.XX....X........X.....#X.X..X...X...#.X.##X.X..X..#..XX.X...#XXXX...XX.......X.XX..#.#.#...........X..X....X.#...#......#..X.X.....X...X...X.XX.XXX.X.X..X..X.X.X..X..X.X.XX....X...
.#X.X.X.X..X...#.X..X#XX#XX.X.X.X...XXX.....X..X#X.X..X..X#.X..#..#.X......X.X.X.#..XX.X.X.X.X.X.X..X..#.X.#.X#.#...X.....X..X.X.X...X.X.XXX.XX.X.X#X.X.X..X..X.....X.#.X.X#.X.X.X..X.X..#X.XXX.X.X.X.X.X..X.XX..XX..#X...X..X......X.X..XXX..X..X.....##X.X.X.X
...X...X..X.XX..X..X...X.X...XXX.XX..X.X.X.X.X.##...X.##..X..#...XXX.XX.X#X.....XXX...X...X...#...X...#......X...XX..#X.X..X......X#......#..#.....X...X.X..#.X#.X.X#X...X....#...#..X..X#...X...XXX.....#X...X.X.X.X.X.XX..X.X.X#.X....X.XXX...X..X#.X.X.......
#.#.X.X.X...X..X.X...#X...X.XXX..#..X...X......X.XX......X.#.X.X..X..X...X.X.X.XX#..#X.X.X.X.X.X.X.#.X.X.X.X..XX.X.X.#XX.X..X##.X..#.X.X.X.#..X.X.X.X.X...X.X...X...X..#X.XX.X..X.X.#.X...X.X.X.X.X#X.X.XX.X.X...........X.X......X..X.X...X..XX..#..X...X.X.X.X
.........XX..X.....#.X.XX....X.#..X..X.X.X.#.X...X.XX.X.X..X..X..X.X..X.#...X...#XX.................X...XX#.X.X.......X...X.X..X..#.XXX.....X..X......#.#.....#X.X.X.X.X...X.X.#........##.........#...X.......X.X.X.X#.#....X##.X.X..X..X#.X..#.X..X.X.X...X#..
.X.#.X.X.X.X..X.#X..X..X.XX.#..X.#.X.....#X.X.##...XXX...X...X.#....X....X.X.X.X.#.XX#.X.X.X.X.X.X.X.X.X##.....X.X.X.X.XX.....#.X.X..X.XX.X...#.X.X.X..X.XX.X.X.........X.X.X...X.X.X.##X.X.X.X.#.X#X.X.XX.X.XX.##..X..X..X.X..X.X...X.X......X...X.......#X..X.
X...#.#.....X.X.X.#..X...X...X...X..XX.X.X......XX..X.XX..X#....##X..X.X...........X..X...X...#...X.....X.XX.X.X..X....X.XX.X.......X..X#X.XX....#XX..X....X...XXX.X.X.X.....#.#XX...X.#.....X...XXX.....X#...X..##...X..X.##.X.X..#X....##.XX..XX..X.X.X..X.X.X
XX.#...X.##....#...X..X#..XX..XX..X..##...#.X.#.X..#..X.X.X.#.X.X..X..X.XX.X.X.X.X..X.#.#..X.X.X.X.X.X.#...##...##.X#X...X#X.XX.##X..X..#..X.#X.X.X.X.#X.#X.X.#X.X..X....##XX.X.#.#.#...X.X#X.X.X.X.X.X.X.#X.X..XX#.XX.X...X.....X..X.X.X..X...X.X.X.X...X.X....
XXX.X.X.XXX#X.X.#.X.X.X.X.X.X.X.X...#.#.#.X..#...X..#........X...#...X...#X#X...X..X..#X.X.##.......X..X.#.#XX.X...X..XX..X...X.X..#...XXX...#........X.......X..X.X.X.X......X.....X.#.#..X...X#......X..#....X.X.X#....XX..X.XX..X...X..X.X#........X.XXX..#.X
X#......XX#......................X#....X...#X.XX..X..XX.X.X.X.XX..XX..X.X....X.X.X..X..X..X.#X.X.X.X.X..X..##...XX..X.#..#.X.XXX.X..#X..#.XX..X.#X.#X.X#.#X#X..#..X.....X.X.X.X.#.#....X#.#.X.X.X#X.#.X.X.X#.XX......X.#..#.X.XX#.X..X#.X......X.X.X.X.XXX.#..XX
###.#.X..X..XXXXX.X.#X.X.X.X.X.X.X.##.#.X.X...X.#..X..X..X....X.X.X.X...X.#.XXX....X..X..#..X.X.#......X..X.X.X.X.X....X......X....#...X..#.#..X..XX....X..X..X..X.X.X.X.X..#.#X.#..X.X..........XXX..........X.X.X.X.X..X.....X....X.X...#X.XX.X...X...X....#.#
..##XX..X.X#....X#.X..X...X...X....X..X....XX....X...#..X.X.#........XX.X..XXX.X.X.#X...##X.#.....#X.X..X...#X.....XX.X.XX.X.X.X.#..X#..X.X.X.X..#X.X.X#..X.X.#.X...X.....#.###...X..XX#.X.X.X.X#.#..X#.X.XX#X...X..X..X..X.X.X.X.X#....#...X.X..X.X.X.X.X.X.X.X
.X.#X.X...X.X.#....#.#.X.X.X.#.X.#..X..X.X.X.X.X..#X.X.X...X.X.#.#.X.X..X#..X...X..X..X.X....X#X.#..X.X..XX.X.XX.X.X....XX#.....XXX.X.X........X........#.....#..#.X.#.#.X.X.X##.X..X.X#..X...X...X#..X..X...X.X#.X#..X..X...X.....X.X#..#XX..X.#.X.......X.....
.......X#....X..X.X..X.##...X...XXX..#..X.....X.X.X...X.#.X...X...X...X..X.#.X.X.X..#..X.X#.X.XXX..X...#.X....X.#...X.X..XXX.X.##X.....X.X.X.X..X.X.X.X.#.X.#..X........X.....X....X...X.#.X.X.X.X.X.X.X#..#....X...X...X..X#.X.#.X....X...X.X#.X..X.X.X#X.X.#.X
#X.X.X.X..X.X.X..X.X......#X.X.#XX.X...X.X.X.X.....X.#.....X.XXX.X.XX...#..#.......X..X...X....X..X.XX.X..X.X.X.X.X..X..X.XXX...X.XX.X..X...X.X..X.#...X...#.#.X#X.X.X.X.X.#.X..#.X..X.X....X...........XX.#.X.X..XX..XX..X.#....#..X.X.X.##..X...#.X...X.....XX
.XX#X...#..X....X....X.X.XX.....X...XX....X...XX.X...X.X.#....#XX..#.XX..X...X.X.X...X.X.X..X.X.X...X...X..X..X..#..X.X....X.X.X..#XX..X.X.X....X...X.X.X.X..#..X...X..X....XXX..X#.X.X..X.X.X.X.X.X.X.X.X.X..X..#.X.X.#.#....X#X.X..X...XXX.X..X.X..X.X.X.X.X.#
...X.XX.X.X.X.#..X.#..##.X.X.X#..XX.X.#X.X.XX.XXX.X#..X.#..X.X.#.X...X.X.XXX..##X.XX......X..X...XX..XX...X.X.#X..#.....X.X.....#..X.X....#.X#X..X.#.....X.X.X.#.X.X.X.X.X.X.X..#.X....X..X...X...XX#X#...X..X.X.........#.#.X..X...X.X.X.#...X..X#.#.......##.X
.#X..X......X.#.XXX..##.X...#.X#.X....X....X...X...X.X....X.......X#.......X.XX...X.#.#.X...X.XX.X.X.X.XX.......#..X.#X..X.XX.X...#....#.X...X..X...X.X.X.........#.....X.....X.....#.X..X.X.X.#.X.X.X.X.X.X.....#.X.X.XX...X..X..XX......##.X..X.#.X.X.X.X.#...
...#..X.##X..#...X..#....X.X...X..X#X..X#X..X.X.X.X...##.X.XX.X.#.X..#.X.X##.X.XX....X.X.XX...X........#.X.X.X.X..X..X..X..#.#.XX..X.X..X.X.X.X..X.#...X.X.X.X.X.#..#X.X.X.X.#X.X.XX.XXX.....................#XXX.X.X#.##.XX.#...X.X.X.X.X....X...X....X..#X.#.X
#X..X..X.X..#XX.X.#..X##.....#X.X.X..X..X.X........X.#..X....#..X.#.X.X...X.X..X.X#X.....#.X#..#.X.X.X.X..XXX....X#.X.X..X...X.X.X..X.#.........#...X.X..#.##...#X#.X..X....X....XXX..X..X.X.X.X.X.X.#.X.X.X.........X.#...X.X.XX.....#.X.X.X#..XX..X.#.#X......
X.X...X...X.#X....X.X.X.XX.#.X.....X...X...XX.X.X#.....X.X.XX..X...X...X.X...X...X..XX.X....##..X...X....XXX.X.#...X...X..#.#......X...XX.X.X.X..X.#...X..X..X.X.X.X.X.#.X.X.X#.X.X..#.X..X#..##..#.X.X...X..X.X.X.XX.XXX.X.....X.X.X.........X..X.X.#...X.#.X.X
...XX..XX.....X.#........X.#..XX.#..XX..XX..#XX#...X.#X.....#.#.X.X.#X....XX..XX..X.XXX.X#.X.#.#X#.X.X.X..X...#X.X#.XX..#.#.X.X.#X..X#.X.X...X.X...#X.X.X...X..X........X.....X....X.X.X.X.X#...X#..X..#.X.X.#..XXXX#..X....X.XX...X..X.X.X.XX..#....#.XX.X...XX
.#.X.X.X.XX.X.X.X.X.XX.X..X.X.XX..X.X.X.X..#..X.X.X....#.#.#..X.......X#X.X.X.X.X....X...#.....X#XX...X..X.X.#....X.X.X......X#.X.#.X.....X.X....X.X..X..#X..X.#.X.X.##..X.X.X..X#X....X....X.XXX#.#..X.....X..XXX.X..X.X.XX.XXX.XX.X..X...XX.X.X.#.XX..X...#X.X
.X.......XXX...X.XXX..#..#......XX.......#...X...X.X.X..#X..#X.X#XX.X..#.........XX.X.X.X..X.X..#X.X.X.X......X#.X.....XX.X.XXXX.....X.#.XXX.X.#..X.X..X.X.X...X..X...#.X...#.#..X..#.XX.X##.X#.X...X..X.X.XXX..X....X..X..X..X...#..X#X#.X.......X.X..X..X..X..
X.XX.X.X..X.X.X...X.X.##...##.X.#.XXXX.#..X.X.X.X..#X..X..X.X..X...#..X..X.X.#.X.X......XX.#X..X#.......X.X.X..X..#X.X..#X...#X.XX.#....XXX...##.X....X.....XX..X#.X.X..XX.#....X.X.X.#...X...X..##...X.X...#..X.X.X...#X.#..X.X.X..X..X.X..#.#.XX.###...X.XX..X
..XX#XX..X.....X.X.......X..#..X..X...X.X........X.X.X..X....X...##X#.X.X...X.#...X#X.X..#X..X..X.#.X.X..##X..X.X...X..#X.X.#....#X.X.X..X.X.X....X##.XXX.X.X..#....X..X....X.#......X.#.X.X.X.#....X#...X.XX.X...X..X.#....X.....#...X...##.X...X..X..XX...##..
X..X.X.X..#.X.X...X.X.X.X..XX.X.X.#X.#...X.X.X.X......X..X.X..XX...X...XXX.X...#X.X..X..X..X...X.X...X..XXX.X....X.X.#.X....X.#.#....X..X.....X.X.X.X....#...X.X.X.X.X..X.X..X..X#.#X...........X.#....XX.X#.X.X.X.X..#.X.XX..X.X.X.XX..#X....X.X..X.X..X.X#...X
..#.....X..X...X#..XXX..#.#X......X....X.XX...X.##X.#..X..X.#.#.##..X.X.XXX.X.X#....X.X..X..XX.#.XX.#.X..#...X.X.....X..X.X..X...XX.X.X..XX.X..X......##X.X#......X....X.#..X.X...XXXX.X#.X.X.XX.X..X.X.X..X.........#.....X.X.XXX...X.X.X.X.#....X....X...X.X..
X.###.X...X.X.#X..XXX..X..X.X.X.X.XX.#X...#X.X.....XXX...X....#...#......X......X.X....X..X.X......#....#.#X..X.X.#X..X..X..X.XX.X.....X..#X..#.X.X.X..#.....X.X#X.X.X....X.....#X.##...#..X.X#...X..X#...X.#X.X.X.X..X.X.X.....X#X.X.......#..X#X..X.X..XX.X..X
.....X.XX.....X..X.X.XX..X...#XX....X..#.X..X.X.X.XXX.XX..X.X.X.X.X.X.X.X.X.X.X.#X.X.X..X....X#.#.X.X.X.#....X...X..X...X.X...X...XX.X...X..X....#XX.X..X.X.X...X...X..X.X..X.X..X.X.X.#.X#X.X.X.X..#.X.XX...XX.XXX.X..X....X.##.#....X.#.X.X.#.##.X.X..#.X..X..
X.X.#..#.X#.X..#.....#.##.X.X.X.#.#X.X.X...X...X...X..#.#..X...X...#...X...X...X....#.X..X.X..#..X...X..X.#X..X.X.#..XX....XX..X#.XXX.XX..X..XX.XX#...X..#XX.X.X.X.X.#..X.X..#..XX.#......X........X#....X.XX.X..#....X.X.XX.X....X.XX.#...X#....X....#.....#..X
XX...X...X.X.#.X.X.#....#................#X.#.X.X.X.X.X.X.X.X.#.X.X.X.X.X.X.X.X.XX.#X..X.#X..#XX..X.X.X.X.X.#......X.X.X.X.X.X.X#..X..X.X..#.X...#X.X...XX#............##...XXX.#..#.#.X.X.X.X.X.X#.#.#.X...X..X..X.#......X..X.XX...X..X.X.X.X.#..X#.X.#.X#..X.
X.X.X.##..........X..X.#XXXX#XX.X.XX.X.#........................................X....X...#.X..X.X........X..X.X.X.X.....X.......X.X.X....X.X..#.X..X.XX..X.X.X.X.X.X.#..X.#..##X.#...X..X...X...X.....X.#.X#..X.X...#.#.X.#..#...#.XX..X.X.....X..X.XX...X#.X...
........XX.#.X.X.X.X..X#X......XX#..X.#XXXX.XX.X.#.XXX.XX.XX.X#.X.X.X.X.X.#.X.#..X.X..XX.X..X....X.X.#X.#.X..XXX...X.#.#.X#X.#.X.....X#X....X.X...X..X..#..X..X...X...X..X..X.X...X.X.#X.X.X.X.X.X.X.X.X...X.X...X.#..#..#..#..X.X..X.#...#.#.X.X....X#.X.....#X
X.X.X.X.XXX.XXX.....#.#X.X.#.X.XXX#....X...#..XXX.X...X..X..X..X.X.X.X.XX#.X.XXX.#X.X.X...X..X.#.X.#X...X...#XX.X#..X..X.X.###..XX.X.X..X.X....XX..X..#..#.XXX.X.X.X.X..XXX.X..X.X....X.............#...X.X....##.X.X.X#X.#...X.X..X..X.XX.X......X.X.....X.#...
...X.#...X...X.X.X.XXX....X.X...XXX#X.X.XX..X..X...#X..X...X..X.........X.....#........XX..#..X...X..XX..X#..X..X..X.X.......X#.XXX...X..X.#.X.X.X..#..#.....X......X.X..#..X.X....#.#.X.X.X#.X.X.XX.X.X....X.X.X......X....XX...X...X...X...X.X.X.X..X.X#.X..X.
X.X...X.X.#.X.....XXX.X#.X...X.X.XXX....X..X..#.XX.X.X..XX..X..#X.#X.X.X.X.X.XXX.XXX.X.X.X.X.X.X.#.X.X.X.XXX..X..#....XX.X.X..X..X.#X...X...X.....#..X...X.X.X.X.#.X....X.X.X...X.XXX...X...X..X..X......#XX.X....#.X.X.X.XX.X.XX..XX..XX..XX.XXX...X..X....X#X#
XX.X.#.......X.X.X.#..X...XX......X.X#X..X..X.#.X.....#.X.#..X..X...X.....X...#XX..X#.....................X.X..X..X.X.X.#XX..X..X....#X..X#..#X.#..X..#X..X...#XX.X.X#X.#.X.X.XX.XX#..XX.X.X.X.#X..X.X.X...X..X.#.XX.##....X....X.X.X.X.X.#.#..#XX.X..X.X.XX.##X
X.....X#.X.#..X.....X..X#.#.XX.X.X..#X.#..X...X..XX.#.X....X...X#X#X.X.X.X.X.X.X.X...XX#XX.XXX.#.X.X.X.X.#...X..X..X..X..X.X..#..X.X.X.X.X.X...X..X.X....#.X#X.#....X.....#.X..X..#.X..X......X...X...XX#.XX.X.X...X....#.X..X##..........X.X.X.X....#.....X.X.X
.XX.X..X..#X.X.X.##X.X.##.X.X...X.X.X...X..XX..#.XX#X..X.X..#X....X..#X............#X..X..X...X...X...X..X#X..X...X.X.X.#...X..X..X..........X#.X....X.X.....#..#.#..X.X.#..X.X..#....X..X.X.X.X.X.X.X.X.X#......XX.#.X#..X.X.X..X.X#X.#.X.......X.#.X.X.XX.....
.#XX.X.X.##..................#.X.....X#..X.X.X.X..X..X..X.X.X..X.X.X...XX.XX.X.X.X...X...X.X.XXX.X.X.#.X..X.#..#X.....X...X...X..X.#X.X.X.#X..X..X.#.X#..X#.#..X.XXX..X...X.X...X.X.X...X.XXX...X..........#.X.XX.X....X.#......X.#.X.#X#..X.X.XX..#.X..XXX.X.#.
..X.....#..XX.X.X.XX.X.X.X.X....XX.#.X.X.........X.X...X.....X..X...XX.XX#..X...X.XX..XX......XX.#...#...X...#.X.XX.X..X.X.X#..#.....#...X...X.X.##....X..X...X...X..X.XX...X.XX...X..XX...XXX.X.X.X.X#.#.XX..X.....X.X.X.X.X.XX..X....X.X..XX#...X.X..#.X...X..
X..X.X.X..#..X.XXX.X..X...X.X#X..##X....X.##.X.X....X#..#X.X...X.XX.X...#..X#X.X..#.X.X.X#.X.X..X..X.X.#..XX.....XXX..X#X..XXX..X.X.XX#.X.XX.......#.#X..X.#.X.X.#.X...X..X#...X.XX.X..X.#X.X.....X...X..XX..#.X#.X#.X#......X#X.X.X.#.....X.XX#X....#.X..X.X.X.
.X..X....#X.X...X...X.#X.#...X..#X..X.X.X##.XXX.X.X.XXX.XXX.XX...X...X.##.X.XXX.X.X.....X.#....#X.#XX.XX#.X.X.#X..X.X..X.#..X.X..X...X.X..X.X.X.X.#..X.X...#X....X..XX..#..#X.X...X...#..#...X.#.X.X.X.X#X.X.#.....X....#.X.X.X.....X..X.XX...X...X.X....X.....#
...X.X.X.....X.X.X.X.#X#X.X.X.X.X.X..X...X...X..#X...X...X..#.XX..XX.........X.....X.#X....X.X...#XX..XX#....X...X....X..X.X....X.X.#...X....XXX...#.....X##.X.X..X.X.X.X.X.....XX..X.X.X.X.X...#.......#....X.X.X#..X.XXX.X#..X.X##..#.XXX.##.X#..XXX.XX..X#.X.
.X....X.X#.X..........#.............X.X.X.X.X.X.X.X.X.X.X.X.X.X.X.X.X.X.X.X.X.X#.X.X.X.#.X....X.X.X.X..#..X.X.XX..X.X..X....X.X......XX..X#.#X#.XX..X.#X..X...X..X.........X#.X#.X.X.X........X#.X.#.X.X.X.X....##..X.XXX..#..#......X...X...X....#.X...#.#.X.#.
#.X#.X..X#X.XX.X.X.X.X.X.###X.X.#.#..................................#XX...X..#XX...X...X.XX.#.#......X..#....#.#.#X.#..#.X..X.X.X.X.X.X.#X..#X.X..#..X..X.X.#.X.#.X.X.##.X.X.........#.#.X#.X.X....X.....X..X.X...#...X..X.X...X#.#X..XX.X.#..X.X...X.X.....X..
X..X..X..X..XX..X...X..X.#.X.X..#.#X.XX.X.#.X.X.XXXXXX.X.XXXX.X.X.#.X.X.#.X.X.##.X.#.X.X..X..X..X.X.X.XX.#X.#.........#.#X..X..X..X......X.X.....X.#.X.X.....X...X#.X..X....X.X.#X.X.X...X..X#..X#.X.X.X.XXX..XXX.#X.XX.#.....X#..X.X.X.X.....X.X..#X....X.XX.#.
..#.#...X.X...XX.#.X.X.X.X....X.##..X..XXX.X#X.#......X.#...#XXX.#......................X..X..X...#X....XX.X#.X.X.X.#.X...X..X..#X.#X.#X....#X.X....#...XX.#..XX..X...X..X.X...X..XXX..#X.X..#.#......X...X..X.X..X...X.X.#.XX...#........X.X#...X..#.X.X.X#X.X.
X...X.#.....#.X.........X..X.#XX..X..X.#X..#X..X.X.X.X..X.X...X...#.#X.#XX.X#XXXX.X.X.#..#...#X#.X..X.X.X..#.XXX.#..X..X#..X...##..#.#X.#.X.XXX.X.X.X.X.X#X.X.X..X.X.X.X..X##.X.#..XX#..#...X..X.X.X.X.X.X.X....X..#.X...X...X.#.X.X.X.X.X.X#..XX..X...X...X....
.#X..X.XX.X..X.X.X.X.X.X.#..X.X..X.X...X.X.X.#..XX#...X..X.X.#.XX.#X...#..X......X.X..#X.X.X.X#.X.X....X.X.X..X...XX.X.#.X..XX...X...X...X...X...X...X...X.....#....X....X......#.#.X..#..XX..X...X#X...#....#.X..X....XX..#X...X...XX#X#...X.X.X.X.#.X.X.X.#.X#
....X..XX#..X...#X##X......#...X....XX.........XXXX##...X......X....X#.X.X.XX.##....X.#...X...X....XX.X......X.X.##.......X.X.X.X.X.X.X.X.X.X.X.X.X.X.X.X.XX.X.#.X.X.X.X..X.#.X.....X.X.#..X.X..#X.XXX.#.X.X.X.X.X.X.X#.X.#.X.X#.X.X.X.X.X.X....................
X.X..X..X.X..X.X.#XX.X.#.X.##X..X.X.X.X.#.###X..XXX#.XX..X.X.X..XX.X..X.....#.X.XX.#XX.X.X.X.X.X.X.X...X.#.X......X.X.X.#.................................XXX..#..X..X#..X...XX#.X.X......X....##X..X..#..X...X..............................#XX.X.X.X.X.X.X.X#.
XX.#...X...X......#...XXX..X..X.#X.....X..#....X.XXX.X.X.XX.#.X.X....X.X.X.XXX..X...#...........X...XX.##.X.X.#.X..X.##X.X.#X.#X.X.X.XXX.XX.XX.XX.X.X.X.X..X.X...X.X...#..X.#.X.XXX.X.#.XX..X.#....X.X.X.X.X.X.X.X.XX.X.X.X.X.X.X#.X.#.X.#.#....##X.#.X.X.X....X
X...#X..##..#X.X.XXX.XXX.#..X...X.X.X.X.XX.X.X....X.........X....X.#X...X...X.X..#.X.X.X#XXX.#.X.XX.X..#.....XXX.X...#.X...X.X..XXX.X...X..X..X..X#X..##..X...##.....##X.#.......X....#.X..#.XXX.X................#..X...X#..X....X..#..X...X.X............##.X.
.X.X..#...X..#X...X...#..#X..XX....X....X...X..X.X.X#X.X.X.X.X.X.....X.#.X.#...#......X....X.X...X...X..X.X.XXX....##...X.X...X..X...X#...#.X..X.X.XX...#..##.#.#.#X.X....X.X.X.X.#.X.X..#....XX#..#.XX.X.X.X.X.X.X.X.X.X...XXX#.X..#..X.X.X...#.X.X#.X.X.X.#X..
....X.X.#X.X.X.X.X.X.X.X.X.X.X.#X.X.X.#X.X.X.X..#...###...X...X.X.#X...X...X.X.X#X.X.X.X.#.X#.XX..XX..#..X...X.#.X.XXX.XXX.X#...X.XX..#.X....#......#XXXXX.X#....X....X.#....XX##..#...#.X.X.X.X.X.X.X.XX#.X.X.X.X.....#..X..#.XX.#..#....X.X.X...X....X.......#
X##............................................X.X.X.X.X.X.#.#..#X..XX..X#..X...X...X...X...#.X.#.X.#.#.X.X.X...X...X...X..#.XX...X..XXX.X.X.X.X.#.X....#...X.X.X.X.X.X.X.X.X.XXX.XXX.XX#...X.......#...X..........#XXXX#.#.#.....X.X..X#.X..X.X.XXXX.#.X.X.X.X.
....X.X.#.#.X.X.X.X.X.X.X.X.X.X.X.X.XX#XXXXX##................X.X.X.X.X.#X.X.X.X.#.X.X.X.X.#.................X.X.X.X.X.X.X.X.X.XX..#..#...X...#XX....#.X.#.X...#...X...X...#...X...X...X.X.X.X.X#XXX.X.#.X##.X.X.X.....#XX.#XX.X#X.XXXX..X..X#..X.X..#...XXX....
X.X..X...X...X...#...X...X..##XX.X.#...........X.X.X.#.#X.X.#................................X.X.X.X.X.X.X.#...................X.X.X.X.#.X.X.X.X.X.#X.#.....X.X.X.X.X.X.X.X.X.#.X.X.X.X.........#.............#.X#.X.X..#...X...X#..X..#...#...X...#.##.X.X.#.XX
.X..X#X.X.X.X.X.XXX.XXX.X.X...X#.....X.X.#.X.X.#X..X#.#X.X...X.X.X.X.X.#X.X.X.X.#X.X.X.X.X.X.#..X...X..#.#..#.X.X.X.X.X.X.X.##..........................X.#.............................#.X.X.X...#.X.X.X.X.X....#.#X.XX.X.X.X.X.X.X.X...XX..XX..X...........#X.
...X.......X.....#...XXX....XX..##X.X...X...X..X#.X........#..X...X...X...##..X#....X...X...#..#.X.XXX.#..#.#.XX..XX..XX..#..XX.X.X.X.#X.X.X.X.#X.#.X.X.#..X.X.X.X.X.X.#.#.X.X.X.X.X.X.X...##..X.X...X...X..#.X.X.X...................#.X.X.X.#.X.X.XXX.XXX.X...
.#..X.#.X.XX#.X.X.X.#.X.X.X.X.X.X..X..#..X.#..X....X.X.X.X.X.XXX.X.X.X.X.X...X...X.X.X.X#X.X.X....X.X.X.XX.X.X...#...X...X..X..X...X..X.X#X.X.XX.X.X.X.#.XX.X..X#..#..X..X..X...X.##..X.X.X.X.XX#XX.XXX.XXX..X......#.X.X.X.X.X.X.X.X..............#...X...XX##.
X..X#X...XXXXX.....X.......X......X.X.X.XXX..X..X.XXX..#X..X..#XX.......X..X..X.X..X..#...#....#.X#............#.#.X..XXX.XX.X..X.XXX#........................X...X..X.X.X.XXX.#..X..X.......X.X.X#X.X.X.X..XXX.X#.XXXXXXXXX...X...#..X.X.X.X.X.X.X.X.X.X.X.#.X.
.X....X.XXXXX.X.X.XXXXX#XXX.XXXX#......X.X.X.#X.#.XX.X...X.X.X.X.X.X.X#..X.#.#XX.XXX.X.X.X.XXXX.#X.X.#X.X.X.X.X...X..#.........X.X##...X.#.X.X.X.X.X.X.#X.X.X..X.X..X....X..#..#.X#X#.X.#.X#..............#X.X.X.XX.X.X.X.X.X.X#X.X.X.#..XX.#..X................
...X.X.#XXX#.....XX#..............X.X.#......#...X.....X#..X......X....#X.X...#......................X.X...#..XX.X.X.XX.X#XXX#.......X.#X..#..X...X..XX....X..X#..X.XX.X.X.X.#.........#....X.X.X.X.X.X.X....................#X#..#.X..X...X..XXX.X.X.X.#.X.X.X.
X.#.#...XX#XX.X.X.X.X.X.X.X.X.X.X..X...X.X.X..X.X#.X.X.X.X.X.X.X.XXX.X.X...#.#..X.X.X.X.X.X.X.X.X.X.X....##..X..X...#..#.......##.X.X..#XX.X#X.#.X#.X...X.X.X.#..XXX...#.X....X.#.X.X.#X#.X..X...X...X.#..X.X.X.X.X.#.X.X#.X..#.X....#..X.X.#.#X...X...X...X...X
.....X.X.XX##X.......X...X...X...##XX.X.##X..X#...X...X....X..X...#.#.X.X.X.X.X..X...X...X..#..X...#.##X.#X#.X.X.X.X.X.#.X.X.X.X.#..XX..X.X......X.X..X..X.....X.XX.X.X..X.#.#...X...XXX.#..X.X.XXX.X..XX..X...X.#...X....#X.X....X.X..XX....X#.X.XXX.X#X.XXX.X.
#.X.X.....X.X.X.X.XXX.X.X.X.XXX.XX.X.X......X...XX.X.X.#.X.X.XXX.X#.............XX#.X.X.X.X.X#X.X.X#...#X.X.#............XX..XX....X...X#.#.#X.#X....X..X.X.X.X.X.....XX.X..X#X.X.X.X.X...X....X#X..#.X.X.X.X.X...#.XXX.X...X.X.X..XXX...X.#.....X.XX....#.#X...
#..X..##.#.......X.....X.....XXX.......X.X.##X.X........#..X.XX#..#X.X.X.X.X.X.##XXX....X..X.......X.X#.......X.X.X.#.X.X...X...X.#..X..#...X.X...X.X..X....XX....X.#X...X.X..X....#...X.X..X.X...#......X#.....#XX..#X..#.X...X..X.#X.X..X#.X.X.....X.#.....X.X
..XXX.X.X.X.X.X.XXX.X.X.X.X.X.X.X.X.X.#XX....#X..X.X.XXX.X.XX.X..#X.X...X...X....XX.X.XX.#..X.X.X.X...#.X.#X.X..XX...X...#.#.X.X..##X..XXX.X....X..X..X..X.X...X.X..#..X.X...#X.X.X..XX..#.#....#XX.X.#.X...X.X....X...X..X..#..X.....XX.XX...X..X.X#..#.X.X..XX
X.X#.........#...X...#....XX.......X...#X#.X.#X#X...#.....X....##X...X.XXX.X.X.#X....X.X.X.X.X.X.X.X.X.X..X.#..X...#..X.X.X....XX..#XX.X###..X.X..XXX.X#..X..X.#X..X..#..X.X...X..#.#.X.X#..X.X....XX..XXX.X...X.X..X.XX.X.X.X.X..X.X...X..X.X.X..X#.#..#X..#.#X
.X.#XXXXXX#XX.XXX.X.#..X.X...#X.X.#.X.#X#...X.X.#X.XXX.#.X..X.X.X.#.##..#.X....XX.X.#....................X....X..X.X.X##....##X...X.X.X.....X..XX..XXX...X#.X...#.#.#X..#...#.X.X........#.X#..X.X...X..#.#.X.X.#..X....X...X...X.X.X.X.X#..X...X.....X...#..X.#
......................X.X.XXX.X..XX....X.X.X....#XX.X..X..X#......X..X.X...X.XX..X...X.X.X.X.X.X.X.X.#.X.#.X.X..X..XX.#..X.#....#X......X.#X..X...#.X.#.X...XX.X.X.....#.X.XX....X.X.#.X#...X.#X..X.X#.X........#X.#X.X#.X.X.X.X.X.X.X.X.X.X.X.XX#.X.X#.#.#.X...
.X.X.X.X.X.X.X.X.X.X.#.........X#..X#.X...#.X.X.XX#.X.X.X.X.XXXX#...X.X.X.X.X.X.X.X.X.X..XX..#..X...X..#..X...#X..X.....#.X..X.X...X.X.X..X.#..X.X.......X.X......#.X.#......X.X..X...X..X.X....X..X#.#XX.X.X.#.#.#.............................#XXXX..X.#.X##.X
..#...X.X.X.X.X.X.X.X.XXXXXX.X.X.X.#.X.X.X...X...X...#............#.....................X...X..X.X.##.X..XXX.XX.X..X.X.X....#...X.#...X..X....X#.X#.X.X.X#X..#.X.XXX...X.X.#..X..X#X.X.#..XXX#.X..X.X.XXX##X...X..XXX.X.X.X.X.X.X.X#.X.X.X.X.X.X.X.X.X.X.X.X#...
.X.X.#......................#.............X.X.X.X.X.X.XXXXXXXXX##X.#.#.X.X.X.X.#.X.X.X.X..X..X.#.#X...#X.XX.X.....X.X..#X.X..X.X.X..##.X..X.X...X...XX..X.#.X...X#X.#.XXX...X..#....X#.X.X.X.XXX#......##..XX.X.#...X..X...X.#X..X.X#...#...X................#.X
X...##X.X.X.X#X.X.X.X.X.X.#...X.X.X.X.X.#.............................X..X#.X..#..X...X..X..X.X.....X.X.X.....X.#....X.X#X..X.X....X.....X.X..X..X.X...X....XX.X##.....X.X.XX.X..X#............##XXXXX#.X.#.X.....#.X.X.X#.....X....#X.X.X.XXX.X.X.X.X.X.X.X....
.X.X.X.X.X.X.X.X.X.#.X.X.X.X#X.X.X.X.X##.X.X.X.X.X.X.X.X.X.X.X.X.X.X.XX#X.....X..X#X.#.X..X.#...#.#..X....X.X..X..X.XXX....X....X.X..X.X....X..X.#.XX.X..#.X...#..X.#.X......X.X...X.#.X.X.X.X...............#.X.X..X.....X.X.#X.X.X.X....X.XX..XX..XX.#..#X#.#.
...........................................X#..XX..XX..#..X...X...#...#...X.X.XX....X....X.X..X..#..X.X.X.XX..##X..XXXXX.X..X.X..#XX..X..X.XX#X.X.#....X.XX..X..X..X...X.#.X....X.X...X...X..#.X.X.X.X.X.X.X.#..#.X.X.X.X..X....X.....X.X.....X...X...XX.X#X...X
.X.X.X.X.X.X.X.X.#.X.X.X.X.X.X.X.#X.X.X.X.X...#...X...X..X.X.#.X.X.X.XXX.X..XX...X.XXX.X....X.X#X.X...###X...X....X.XXX.X..X#X..X.#..X.X..XXXX#.....X.X.X...X..X#.X.X.#..#..X.X..X.X.X.X.X.X..X..#..XX..XX..X.XX...X...X..XXX.X#.X.X.XX..X#.X..X.#..X...X.X.X#..
X..#..X...X...X...##..#XX..#..#.X...#X..#..X.X..X.#.X..X.X.#....X.....X.#..#...X..#X#.#..X.XXX......X..#...X..X.#....#...X.X.#.X....X....XXXXX.X.X.X.....X.X..X.......X.X..XX..X.#.#....X....X#X..X...X...X.....#.X.XXX.X#.X#X.X.#X#X#.XX.X..X.#..#..X#.......X.
..X..X.X.X.X.X#X.XX.##.#.X.##.X..X.X...X..XXX..X...X..X.X....X.X.X.X.#....X..X..#..X...X..#X#..#X.X..##.X.X..XXX..X.XXX.XXX.....X.X..X.X..XX#...X..#X.X#X.X..#..X.X.X.X.XX...X..X....X.X.X#X....X..X#..X#..X#.X............................#..X..X#.X...X#.#.#..
X.XX....X.......X..........X.XX.X.X..X.#X..X#X.XX.X.X....X.X..X#..X..XX.##..X..X#XX.X.X.#X.X.X...X..X#.....X.XX.X..XXX...#XX.X.X.X..X.X..X.X.X.X.X...X......X..X...X...X...X..X..#X.#.......#.X..X...X...X...X..X.X.X.X.#.X.X.X.#.X.X.X.X.X.XX.XX..#..X..#..X.X.
#X...X#..X.X.X.#..X.X.X.X.X.........#XX...X.X.X...#...X.X.X..X..X.#.X....X#X..X................XX.X...X.X.X.X.....X.#.X.X.X.#.X....X....X..........X..#.X.X.XX..X.X.X.X..X..#..X.#X..#.X.X.X...X..X.X##.#X.#..#..XX#...X.#...X#..X#..X..#.........#..X..#.#....X
...X...X..X...X.X..X..#.XX..X.X.X.#.XX.X.X......#X..X..XX..X.X.#....#.X.X.X.X..X.X.X.X.X.X.#X.X.....XX#X..#..X.#X...#...........X.X..X.X..X.X.#X.X..X..X...X...X.X....X.X..XX.X..#.XX.#X..#X#.XX.#.#X#....XX.X..X.X.X.X...X.X.X.X.X.X.X.#.X.X.X.X.#X..#.#.X.X.X.
X.X..X..X#.X.XX.#.XXX..X...X...X..XX......X.X.#...#X..X#..X.X....X.X...X......XXX...X...X..X.X..X.X.X.X.#..X..X...XX.X.X.#X.X.X..X..X..#.X...X...#.XX.X##.XXX.X....#X.X.XX...X#X........X..#X...X...X.X.X...XXX......X..XX....#....X..X..X...X...X..X#.....X....
..XX..X.X...X......#..X.#X..X.X.#X...X.X.X#.#X..X#X.X.#.#.....X.X..XX.XXX.X.X..X#X.X.X.#..X....X..XX......#X.X.X.X.....XX....X..X#.X..X..#X.X.X.X....X.X.#XXXX..X.X....X...#....X##.X.X..X...#.X.XX......X.X.X..#.X.#.X...X.#..X.X...#X.XXX.#.X.XXX.XXX.X.X.X.X.
.#...XX.X.X.#.X.X.X.X.X.X.##.X.....X.XX..X.X...X........#.X.#.XX..X....#...#..X.X.X.....X.XX.X.X#X...X.X.#........X.X.X...X.XXX.X.X..X..X.....#.XX.XX....###X.X..#.#X.X..X..X#.X..X..X..XX.X..X..X.X.X.##..#.XX..XX.....#.X..#..X..X...XXX.....XX#...X...X.....X
X..X...#...#XX...X....#........X.X..X...X....X..X.X.X.X..X...X...#..X.X.X.#..X......#X.X.X...XX....#..X...X.X.#X.XXX...X.#..XX.X....X..X..X.X..#.....X.X.X.#....X..#..X.X..X#....##.XXX...X#.X.X...XX....X.....X...#.X.X...#..#..#..X.X.#.X.#.X.X.X.X.XXXXX.X.X.
..X..XX.X.X.#.X.#XX.X..X.X.X.X.XX..X.X.X..X.X..X.X..#..XX.#.#..X.XX..#..#..X.#.X.X.X...#.XX.X...#.X..X.X.X.#..X#..X.X.X.X..X.....X.X..X..X...XX.X.##X.#......X.#X.X.#.X.XX...#.X...X.X.#.#......##..##.X.X.X.X..X.XX..X.X.#..#.#..X#X......X.............#.X....
.X..X............XXX..X.X...#X#...X....XX..X..X....X..X#....XX..X...XX#...XXX...X..#.X....XX..X..X..#...X....X...X...X....X..#.X.XX..X..#.X.X#....#.....X.X.#XX........X...X..XX.X......XXX#.X.X.X.X.##.X...X..XX...X....#XX....X....X.X.X.#X.X.X.#.X.X.X...X.X.
..#..X.X.X.X.X.#X.X.X...#X.XXXXX.##.X.X...X#.X..X.X..X...X.X...X##X.X#..X.XX.X.X.X.#X..X.X.#X.X#X.X.X.#...X.X..#.#X#...X.X..X...X...#..X....X.X.X..X.#X.XX..##..X.X.X.X..X..X...X#.X.X.X.X.##X...........#.##X...X.XX.X.#.X..X.X#.X.X...X....X..#..XX..X.X.X.X#X
.X#.X.X..XX..X#.......X.#.#XXXX.#X.X...#.X....X..X..X..#..X..X...#.X...#XX.....#.....X..X....X......X..X.X..#X.XX....#X...X..X.X.X.X..X..X.X....X#X#..XX...X...X...X..X.X..X.#.X#...X.........X.#.X.X.X.XX....X.X....X.....#..X....X.X.X.X.X#.X..X...X..........
...X....X...X...X.X.X..X..#X#X......X.XXX..X.X#.X#.X..#..#XX.#.X#....X.XX.X.X.X..X.X#..#X.X.X.X.#X.#..X#.X#.X.X...X.X...##..X.X.....X.#X..X..X.X.....X..X.X..#..X.X.X.X..X....X.#X.X.#.X#.X.X..#...X#.#...X.X..X.X#.XXX.X.X#.X.XX#...#...#.....#..#.X..X.X.X.X.X
.XX.X.X.X#X..X.X...X..X.X.XXX.XX.X.#...XXX..X...X#..X.XX..XXX....#X.#.X......X..X....X.X.#.......#..X.XX#...#...#X...#X.X.X....X.X.XXX...#.X.XX..X.X.X#....X.#.X.X....X.#..X.#..#.....X....X..X.X.X...##.X...X.....X.X#..X##......X.XX.#..X.X.X..XX.#X..X...X...
X.....XX....##.#X.#XX......X....X...X.X.#..XXX.X...X.X...#.X.X.X...X....X.X.X.X.XX.X.XX....#X.X.X#.X.X.#.X.X..X.X.X.X..X....X.#X#...#..X.X.##...X...X...X.XXX....XX.X.X..X..X..X.#.X.X#.X.X.X....X.XX...XXX.XX.X.X.....X....X.X.X#....XX.X#..X.X...X...X.X.#XX.X
X##X.X...X.#X.X....#..X.#.X.X.#X.X.X.X....#.X.X..X....X.X.......X.#.X.X..X.....X....X..X.X.#..#..XX.........X.XX....X.X.X.X.X#.X.X.X.#..X.....#..X.X.X.X...#XX.XX..X..X.X#.X.X....#...#.#....X.X.....X.X.X#...X#..X.X.X..X.X...X..X.X...X..#....X.XXX#....XXX...
#...X..X.#X.....X.#XX.XX.#.............X.#......X..X#..#XX.X.X.XX...#X..#X#.X.XX#X.XX.X.X..#.X..X..X.X.X.X.X.X...X.X......XX.........#.X.#.#.X..X.X....XX.#XX.#.X.X.X..X.......#XX#X.XXX..X.XX..X.X.X#.....X.X.X.X...XXX..X#X.X.X.X..X.X.X.#.X#..X.X.X.X.X.X.X.X
.#.X.X..X...X.#.##.X.X.....X.#.X.X.X.X.#.XX.X.X..X.##.#XX.X..#...#.XX#X..#...XXXXXX.......X...X.X#....X...X....X.XX..X.X.X...X.X.X.XX.X.....##.X....X.#...X#..........X..X.#.X......#XX.X.#...X..X...#.#.X#.....X.X.X.XX.#X........#.#......#.X#......X.......X.
.......XX#X..X..X.....#X.X.XX..XX..X#.##X....X..XX#..XXX...#X..X..X.#...X.X.XXX#X#..X.X.X..X.X.X...X.X#X.X.X.X.#X...X..XX..#..X..#X.....#X.X..X..X.X..X#.#...X.##.X.X.X.X...X.#.X.X#XX.....X.X#.XXX.#X..X..#.X.X........X..X.#.X#.X...X.X.X.....#.X#.X#X.X.X.X..
.X.X.X..XX.#..###.#.#....XX...X...X.......X.X.X..XXX..#.XX...X..X...##.X.....X#.#.X..#XX..XXX....X..X......#X..X.X.X..X...X..X.#...###.X....X..#X..##X...XX.#..#.#X#..X.#X.X.....XX.X.X.X.XX...X.X....X#..X...#.X.X.X.X#.X.XXX...XX.#..X..#.X.X.#..#....X..#...#
..X...##.....X...X...X.#X...X.XX.X..#.X.X.XX....X.X.X.X.X.X.##.X..X...#.X.X.X.X.X.#.X.X.X.X#.X.##..X.X.X.XX#.X.#...#.#..X..X.#...XX...X..X.X.X.X.X....#.X...XX....X.X.X...#.X.X.X#.....X....X.X...X#.X#.X.XX.#..XX..#.........X.X#.XX.XXX..X...XX.X..X.X.X..X.X.
.X.X.X...X.X.##.X.#.X###XX.#XX....X.X#..XX...X.X...............#X..X.X#..#.X.............X......#.X....X#X.X.#X..X..#..X..XXX..X.X.X.X.X.#X........X.X.X..#X...X.X#..#..X.#...#...#.X.XX.#.XX...#..#........X.X..XX.#.X.X.X.X.#......X.X#.X..#...X#X..X#...XX...
X....X.X.#..X.........X.#...#..X.X.X...X...X.XX..#.X.X.X.X.X.X...X..XX..X...X.X.X.X.X.XX#..X.X.#..#.X.X.........#..X.#.XX.##XX..X........X.#X.X.#X..X...X..#.X..X.X.X.X..XXX.#..X....##.XX...#.XX.X..X.X.X.X....X...#..XX..XX..X.#.X.....X.XXX.X.#.X.X...X...X#.
.X.##...X..XX#X.X.X.#X...X.X#.X..#.XX.X..X.XX...X...X...X...X..X..X#...X.#X.XX...X...XX..X.XX..X#..X...X.X.##.#..X.X..X...#X#..XXX.X.#.##.....#X...#.X.#..XXX..X........X.XX.##..X.X......X.X###.X.##X..X.#.#.X#.XX..X...#...X..X#..X.##......X.....X.X.X..X...X
.....#.X.X.#X..X...XX.X.X.#....X.....#.#.XX...X.XX.X#X.XXX.X.X..X.X.XX........X.#.X.XX.X..X...X...XXX.X#..#X.X..X.#.#...X.XX.X..XXX...X...#X.X...X.....XX.XX.X.##X.X.#X.....X...XX..X#.X.##...........X............X..X.X..X#X.#...X..#X.X.X.XXX.X.X..#X..#..X..
#X.XXXX....#..#.X.#.........#.X#.X.X.X..X...#..X...XX.#.X.X....XXX..X.X.X.X.X..X....X....X.X.#..X.XX.X...X....#X......X.XX.....X.X.X.#..X..#.#X.#..X.XX..X........X....#.X.XX#X...X...X....X.X.X.X.X.X..X.#.#.X.#.X..X.#.X....X.XX..#...XX..X.#X..XX.X.XX..X..X.
...X.X.XXXX.X.X.##..X.X.X.X.XX....XXX.X..X.X..XXX.X.........#X..XXX....#XX...#..X.##.#X#......X.XX.....X..XX.X..X.X.X.XX...X.#X......#.#..X.X...XX..X..X..X.#X.X#X.X.X#...X.#...X..X.#XX.X..X...X...X.X..X...X...X#X...#.X#.X.....X..X#...X.....#.#.....X.X.#..X
X.X................X...X...X...X.XX#...X.#..X.X##..#.X.X.X.#...X.#.#X.X.#.X.X.#X.#.......#.X.X.X...#X.X..X.....X.X..#X...X.XX...X.X.X..XX....X.X...X..X.X..X...#......XX.X..#.X..X..X.#X..X.##.XXX.X#.X.#XX.XX#.#.XX.#.....XX.#.X..X#...X..X.X.XX..#.#.X.....#..
..X#.#X.X.X.X.#X.X.XX.X.X.X.X.X...#..#.....X.X....XXX..XX..XX.X....................X.X.#.#X.....X.X....X.XXXX#.....X...X..X...#.#.XX..X...X#..X..X..#.....X.X.#..X.X.X.....#.X..X.#.....X.#...XXX......X.X.#.XX.....X..X.X...X...X..#.X..X..X....X...#.XX.#.X..X
.X...X.X..#..X...XX.....#X.....X.#.#X.X.X.X....#X.X#.#X...X...X#X.#X.X.X.X.X.#X.X.X...X..X##.X##.X..#.XXX......X.X.XX.X..XXX.X...X...X..X...X#..X..X..#.#.....X.X..#.X.X.X...XX....X.X.X...X.X.X.X.X.X.........X.X.#.X..X..X.#X.XX.X.X#.XX.XXX.X..X.X.X.XX.X.X..
..X.X....X..X.X.X...X.XX.#X.X.X.X.......X#..#X...X......X..X.X......#.X...X....X...X.#..X.........#X...XX#X.X.X...X...##.##...X.X.X.#..X..X...X..X.XXX.X#.X.X..X..#...X..#.XX...X.X...X.X.XX......X...X.X.X.X.X#..X..X.X.X..X.....X..#....XX#.#..X............X.
.XX#..X.#..X....XX.X..XX.X.X.....X.#.#.X...X...X..#X.X.X..X#.XX.X.XX...X.X.X.X..X.#..XX..X.X.X.X.X.XX.X.X.#X..XX.X.X.X.....X.X#...XX..X..#..X#..XXX........X..X.X.XX.X.X..X.#.#..XXX.X..X...X.X.X.##.X##...X....X...#.....X#..X.X...#XX.X.###...#.X.X.#.X.X.X..X
..X.X..X..X..X.X....#X.......#.X..X...X..X.X#X..X...X...X.X.X...##X.X.X.X....X##..X#X...XXX...#......X.......X.....#.XX.#.X.X...#X..#..X..X...X.#X.#X.X.X.X.X....#...X...X#..X..X.XX...#..X..X...XX.#.X.X.#X.#.X.#.X.X.X.X...X...X.#.XX..XXX#.X.#....X#..XX..X..
.#....X.X.XX..X..X.XX.X.X.X.#...X..X.X.X..X....XX.X..X.X.X....X..#........##X....X....X.XX.#.X.X.X.X.#X.X.X.X..X.X###...XXX.#.X.XX.#..X#.X..X..#......##XX....X.#..X.X.X....#.X.....#.XXX..X..#.X.........#.XX....##.X..XXX.#.X.#X.....X.#XXXX..#XX.X.X#...X..X.
.#X.X....X...XXX..X......X...X.X#.XXX....XXX.X...X..XXX....X.X..XXX.X.X.X....#.#..X.X..X........X...X#XX...X..X......X.X.......X.....X....X..X..X.X.X.#XXX#.X..X#X..#XX..X.X....X.X..XX#..XX#..X..X.X.X.X.....#.X.....X#XXXX......X.X#..#XXXXX#...X.....X.X..X..
